0 verbose cli /usr/local/bin/node /usr/local/bin/npm
1 info using npm@10.5.0
2 info using node@v20.12.2
3 timing npm:load:whichnode Completed in 0ms
4 timing config:load:defaults Completed in 2ms
5 timing config:load:file:/usr/local/lib/node_modules/npm/npmrc Completed in 1ms
6 timing config:load:builtin Completed in 1ms
7 timing config:load:cli Completed in 1ms
8 timing config:load:env Completed in 0ms
9 timing config:load:project Completed in 0ms
10 timing config:load:file:/root/.npmrc Completed in 2ms
11 timing config:load:user Completed in 2ms
12 timing config:load:file:/usr/local/etc/npmrc Completed in 0ms
13 timing config:load:global Completed in 0ms
14 timing config:load:setEnvs Completed in 1ms
15 timing config:load Completed in 8ms
16 timing npm:load:configload Completed in 8ms
17 timing config:load:flatten Completed in 1ms
18 timing npm:load:mkdirpcache Completed in 1ms
19 timing npm:load:mkdirplogs Completed in 0ms
20 verbose title npm install
21 verbose argv "install"
22 timing npm:load:setTitle Completed in 0ms
23 timing npm:load:display Completed in 1ms
24 verbose logfile logs-max:10 dir:/root/.npm/_logs/2024-05-08T06_33_43_112Z-
25 verbose logfile /root/.npm/_logs/2024-05-08T06_33_43_112Z-debug-0.log
26 timing npm:load:logFile Completed in 7ms
27 timing npm:load:timers Completed in 0ms
28 timing npm:load:configScope Completed in 0ms
29 timing npm:load Completed in 24ms
30 timing arborist:ctor Completed in 0ms
31 silly logfile done cleaning log files
32 timing idealTree:init Completed in 285ms
33 timing idealTree:userRequests Completed in 0ms
34 silly idealTree buildDeps
35 timing idealTree:#root Completed in 0ms
36 timing idealTree:buildDeps Completed in 1ms
37 timing idealTree:fixDepFlags Completed in 0ms
38 timing idealTree Completed in 297ms
39 timing arborist:ctor Completed in 1ms
40 timing reify:loadTrees Completed in 443ms
41 timing reify:diffTrees Completed in 23ms
42 silly reify moves {}
43 timing reify:retireShallow Completed in 1ms
44 timing reify:createSparse Completed in 90ms
45 timing reify:loadBundles Completed in 0ms
46 silly audit bulk request {
46 silly audit   '@aashutoshrathi/word-wrap': [ '1.2.6' ],
46 silly audit   '@ampproject/remapping': [ '2.3.0' ],
46 silly audit   '@babel/code-frame': [ '7.24.2' ],
46 silly audit   '@babel/compat-data': [ '7.24.4' ],
46 silly audit   '@babel/core': [ '7.24.4' ],
46 silly audit   semver: [ '6.3.1', '7.6.0' ],
46 silly audit   '@babel/generator': [ '7.24.4' ],
46 silly audit   '@babel/helper-compilation-targets': [ '7.23.6' ],
46 silly audit   '@babel/helper-environment-visitor': [ '7.22.20' ],
46 silly audit   '@babel/helper-function-name': [ '7.23.0' ],
46 silly audit   '@babel/helper-hoist-variables': [ '7.22.5' ],
46 silly audit   '@babel/helper-module-imports': [ '7.24.3' ],
46 silly audit   '@babel/helper-module-transforms': [ '7.23.3' ],
46 silly audit   '@babel/helper-plugin-utils': [ '7.24.0' ],
46 silly audit   '@babel/helper-simple-access': [ '7.22.5' ],
46 silly audit   '@babel/helper-split-export-declaration': [ '7.22.6' ],
46 silly audit   '@babel/helper-string-parser': [ '7.24.1' ],
46 silly audit   '@babel/helper-validator-identifier': [ '7.22.20' ],
46 silly audit   '@babel/helper-validator-option': [ '7.23.5' ],
46 silly audit   '@babel/helpers': [ '7.24.4' ],
46 silly audit   '@babel/highlight': [ '7.24.2' ],
46 silly audit   'ansi-styles': [ '3.2.1', '4.3.0', '5.2.0', '6.1.0' ],
46 silly audit   chalk: [ '2.4.2', '5.0.1', '4.1.2', '5.3.0' ],
46 silly audit   'color-convert': [ '1.9.3', '2.0.1' ],
46 silly audit   'color-name': [ '1.1.3', '1.1.4' ],
46 silly audit   'has-flag': [ '3.0.0', '4.0.0' ],
46 silly audit   'supports-color': [ '5.5.0', '8.1.1', '7.2.0' ],
46 silly audit   '@babel/parser': [ '7.24.4' ],
46 silly audit   '@babel/plugin-syntax-async-generators': [ '7.8.4' ],
46 silly audit   '@babel/plugin-syntax-bigint': [ '7.8.3' ],
46 silly audit   '@babel/plugin-syntax-class-properties': [ '7.12.13' ],
46 silly audit   '@babel/plugin-syntax-import-meta': [ '7.10.4' ],
46 silly audit   '@babel/plugin-syntax-json-strings': [ '7.8.3' ],
46 silly audit   '@babel/plugin-syntax-jsx': [ '7.24.1' ],
46 silly audit   '@babel/plugin-syntax-logical-assignment-operators': [ '7.10.4' ],
46 silly audit   '@babel/plugin-syntax-nullish-coalescing-operator': [ '7.8.3' ],
46 silly audit   '@babel/plugin-syntax-numeric-separator': [ '7.10.4' ],
46 silly audit   '@babel/plugin-syntax-object-rest-spread': [ '7.8.3' ],
46 silly audit   '@babel/plugin-syntax-optional-catch-binding': [ '7.8.3' ],
46 silly audit   '@babel/plugin-syntax-optional-chaining': [ '7.8.3' ],
46 silly audit   '@babel/plugin-syntax-top-level-await': [ '7.14.5' ],
46 silly audit   '@babel/plugin-syntax-typescript': [ '7.24.1' ],
46 silly audit   '@babel/runtime': [ '7.24.4' ],
46 silly audit   '@babel/template': [ '7.24.0' ],
46 silly audit   '@babel/traverse': [ '7.24.1' ],
46 silly audit   globals: [ '11.12.0', '14.0.0', '13.24.0', '15.0.0' ],
46 silly audit   '@babel/types': [ '7.24.0' ],
46 silly audit   '@bcoe/v8-coverage': [ '0.2.3' ],
46 silly audit   '@colors/colors': [ '1.5.0' ],
46 silly audit   '@discoveryjs/json-ext': [ '0.5.7' ],
46 silly audit   '@eslint-community/eslint-utils': [ '4.4.0' ],
46 silly audit   '@eslint-community/regexpp': [ '4.10.0' ],
46 silly audit   '@eslint/eslintrc': [ '3.0.2', '2.1.4' ],
46 silly audit   '@eslint/js': [ '9.1.1', '8.57.0' ],
46 silly audit   '@fastify/accept-negotiator': [ '1.0.0' ],
46 silly audit   '@fastify/ajv-compiler': [ '3.5.0' ],
46 silly audit   ajv: [ '8.12.0', '6.12.6', '8.11.0' ],
46 silly audit   'json-schema-traverse': [ '1.0.0', '0.4.1' ],
46 silly audit   '@fastify/cookie': [ '9.3.1' ],
46 silly audit   'fastify-plugin': [ '4.5.1', '4.2.0', '2.3.4', '3.0.1' ],
46 silly audit   '@fastify/deepmerge': [ '1.3.0' ],
46 silly audit   '@fastify/error': [ '3.4.1' ],
46 silly audit   '@fastify/fast-json-stringify-compiler': [ '4.3.0' ],
46 silly audit   '@fastify/flash': [ '5.1.0' ],
46 silly audit   '@fastify/formbody': [ '7.4.0' ],
46 silly audit   '@fastify/merge-json-schemas': [ '0.1.1' ],
46 silly audit   '@fastify/secure-session': [ '7.5.1' ],
46 silly audit   '@fastify/send': [ '2.1.0' ],
46 silly audit   '@fastify/sensible': [ '5.5.0' ],
46 silly audit   '@fastify/static': [ '7.0.3' ],
46 silly audit   '@fastify/view': [ '9.0.0' ],
46 silly audit   '@gar/promisify': [ '1.1.3' ],
46 silly audit   '@humanwhocodes/config-array': [ '0.11.14' ],
46 silly audit   '@humanwhocodes/module-importer': [ '1.0.1' ],
46 silly audit   '@humanwhocodes/object-schema': [ '2.0.3' ],
46 silly audit   '@isaacs/cliui': [ '8.0.2' ],
46 silly audit   'ansi-regex': [ '6.0.1', '5.0.1' ],
46 silly audit   'emoji-regex': [ '9.2.2', '8.0.0' ],
46 silly audit   'string-width': [ '5.1.2', '4.2.3' ],
46 silly audit   'strip-ansi': [ '7.1.0', '7.0.1', '6.0.1' ],
46 silly audit   '@istanbuljs/load-nyc-config': [ '1.1.0' ],
46 silly audit   argparse: [ '1.0.10', '2.0.1' ],
46 silly audit   'find-up': [ '4.1.0', '5.0.0', '3.0.0' ],
46 silly audit   'js-yaml': [ '3.14.1', '4.1.0' ],
46 silly audit   'locate-path': [ '5.0.0', '6.0.0', '3.0.0' ],
46 silly audit   'p-limit': [ '2.3.0', '3.1.0' ],
46 silly audit   'p-locate': [ '4.1.0', '5.0.0', '3.0.0' ],
46 silly audit   '@istanbuljs/schema': [ '0.1.3' ],
46 silly audit   '@jest/console': [ '29.7.0' ],
46 silly audit   '@jest/core': [ '29.7.0' ],
46 silly audit   '@jest/environment': [ '29.7.0' ],
46 silly audit   '@jest/expect': [ '29.7.0' ],
46 silly audit   '@jest/expect-utils': [ '29.7.0' ],
46 silly audit   '@jest/fake-timers': [ '29.7.0' ],
46 silly audit   '@jest/globals': [ '29.7.0' ],
46 silly audit   '@jest/reporters': [ '29.7.0' ],
46 silly audit   glob: [ '7.2.3', '10.3.12', '8.1.0' ],
46 silly audit   '@jest/schemas': [ '29.6.3' ],
46 silly audit   '@jest/source-map': [ '29.6.3' ],
46 silly audit   '@jest/test-result': [ '29.7.0' ],
46 silly audit   '@jest/test-sequencer': [ '29.7.0' ],
46 silly audit   '@jest/transform': [ '29.7.0' ],
46 silly audit   '@jest/types': [ '29.6.3' ],
46 silly audit   '@jridgewell/gen-mapping': [ '0.3.5' ],
46 silly audit   '@jridgewell/resolve-uri': [ '3.1.2' ],
46 silly audit   '@jridgewell/set-array': [ '1.2.1' ],
46 silly audit   '@jridgewell/source-map': [ '0.3.6' ],
46 silly audit   '@jridgewell/sourcemap-codec': [ '1.4.15' ],
46 silly audit   '@jridgewell/trace-mapping': [ '0.3.25' ],
46 silly audit   '@lukeed/ms': [ '2.0.2' ],
46 silly audit   '@nodelib/fs.scandir': [ '2.1.5' ],
46 silly audit   '@nodelib/fs.stat': [ '2.0.5' ],
46 silly audit   '@nodelib/fs.walk': [ '1.2.8' ],
46 silly audit   '@npmcli/fs': [ '3.1.0', '2.1.2', '1.1.1' ],
46 silly audit   '@npmcli/git': [ '4.1.0' ],
46 silly audit   'lru-cache': [ '7.18.3', '5.1.1', '10.2.0', '6.0.0' ],
46 silly audit   which: [ '3.0.1', '2.0.2' ],
46 silly audit   '@npmcli/installed-package-contents': [ '2.0.2' ],
46 silly audit   '@npmcli/move-file': [ '2.0.1', '1.1.2' ],
46 silly audit   '@npmcli/node-gyp': [ '3.0.0' ],
46 silly audit   '@npmcli/promise-spawn': [ '6.0.2' ],
46 silly audit   '@npmcli/run-script': [ '6.0.2' ],
46 silly audit   '@one-ini/wasm': [ '0.1.1' ],
46 silly audit   '@pkgjs/parseargs': [ '0.11.0' ],
46 silly audit   '@pnpm/network.ca-file': [ '1.0.1' ],
46 silly audit   '@pnpm/npm-conf': [ '1.0.5' ],
46 silly audit   '@popperjs/core': [ '2.11.8' ],
46 silly audit   '@rails/ujs': [ '7.1.3-2' ],
46 silly audit   '@sigstore/bundle': [ '1.1.0' ],
46 silly audit   '@sigstore/protobuf-specs': [ '0.2.1' ],
46 silly audit   '@sigstore/sign': [ '1.0.0' ],
46 silly audit   '@sigstore/tuf': [ '1.0.3' ],
46 silly audit   '@sinclair/typebox': [ '0.27.8' ],
46 silly audit   '@sindresorhus/is': [ '5.3.0' ],
46 silly audit   '@sinonjs/commons': [ '3.0.1' ],
46 silly audit   '@sinonjs/fake-timers': [ '10.3.0' ],
46 silly audit   '@szmarczak/http-timer': [ '5.0.1' ],
46 silly audit   '@tootallnate/once': [ '2.0.0', '1.1.2' ],
46 silly audit   '@tufjs/canonical-json': [ '1.0.0' ],
46 silly audit   '@tufjs/models': [ '1.0.4' ],
46 silly audit   'brace-expansion': [ '2.0.1', '1.1.11' ],
46 silly audit   minimatch: [ '9.0.4', '9.0.1', '5.1.6', '3.1.2' ],
46 silly audit   '@types/babel__core': [ '7.20.5' ],
46 silly audit   '@types/babel__generator': [ '7.6.8' ],
46 silly audit   '@types/babel__template': [ '7.4.4' ],
46 silly audit   '@types/babel__traverse': [ '7.20.5' ],
46 silly audit   '@types/cacheable-request': [ '6.0.2' ],
46 silly audit   '@types/debug': [ '4.1.12' ],
46 silly audit   '@types/eslint': [ '8.4.6' ],
46 silly audit   '@types/eslint-scope': [ '3.7.4' ],
46 silly audit   '@types/estree': [ '1.0.5' ],
46 silly audit   '@types/graceful-fs': [ '4.1.9' ],
46 silly audit   '@types/http-cache-semantics': [ '4.0.1' ],
46 silly audit   '@types/istanbul-lib-coverage': [ '2.0.6' ],
46 silly audit   '@types/istanbul-lib-report': [ '3.0.3' ],
46 silly audit   '@types/istanbul-reports': [ '3.0.4' ],
46 silly audit   '@types/jest': [ '29.5.12' ],
46 silly audit   '@types/json-schema': [ '7.0.11' ],
46 silly audit   '@types/json5': [ '0.0.29' ],
46 silly audit   '@types/keyv': [ '3.1.4' ],
46 silly audit   '@types/ms': [ '0.7.34' ],
46 silly audit   '@types/node': [ '20.12.7' ],
46 silly audit   '@types/responselike': [ '1.0.0' ],
46 silly audit   '@types/semver-utils': [ '1.1.3' ],
46 silly audit   '@types/stack-trace': [ '0.0.29' ],
46 silly audit   '@types/stack-utils': [ '2.0.3' ],
46 silly audit   '@types/validator': [ '13.11.9' ],
46 silly audit   '@types/yargs': [ '17.0.32' ],
46 silly audit   '@types/yargs-parser': [ '21.0.3' ],
46 silly audit   '@ungap/structured-clone': [ '1.2.0' ],
46 silly audit   '@vscode/sqlite3': [ '5.1.2' ],
46 silly audit   '@webassemblyjs/ast': [ '1.12.1' ],
46 silly audit   '@webassemblyjs/floating-point-hex-parser': [ '1.11.6' ],
46 silly audit   '@webassemblyjs/helper-api-error': [ '1.11.6' ],
46 silly audit   '@webassemblyjs/helper-buffer': [ '1.12.1' ],
46 silly audit   '@webassemblyjs/helper-numbers': [ '1.11.6' ],
46 silly audit   '@webassemblyjs/helper-wasm-bytecode': [ '1.11.6' ],
46 silly audit   '@webassemblyjs/helper-wasm-section': [ '1.12.1' ],
46 silly audit   '@webassemblyjs/ieee754': [ '1.11.6' ],
46 silly audit   '@webassemblyjs/leb128': [ '1.11.6' ],
46 silly audit   '@webassemblyjs/utf8': [ '1.11.6' ],
46 silly audit   '@webassemblyjs/wasm-edit': [ '1.12.1' ],
46 silly audit   '@webassemblyjs/wasm-gen': [ '1.12.1' ],
46 silly audit   '@webassemblyjs/wasm-opt': [ '1.12.1' ],
46 silly audit   '@webassemblyjs/wasm-parser': [ '1.12.1' ],
46 silly audit   '@webassemblyjs/wast-printer': [ '1.12.1' ],
46 silly audit   '@webpack-cli/configtest': [ '2.1.1' ],
46 silly audit   '@webpack-cli/info': [ '2.0.2' ],
46 silly audit   '@webpack-cli/serve': [ '2.0.5' ],
46 silly audit   '@xtuc/ieee754': [ '1.2.0' ],
46 silly audit   '@xtuc/long': [ '4.2.2' ],
46 silly audit   abbrev: [ '1.1.1', '2.0.0' ],
46 silly audit   'abort-controller': [ '3.0.0' ],
46 silly audit   'abstract-logging': [ '2.0.1' ],
46 silly audit   acorn: [ '8.11.3', '7.4.1' ],
46 silly audit   'acorn-import-assertions': [ '1.9.0' ],
46 silly audit   'acorn-jsx': [ '5.3.2' ],
46 silly audit   'agent-base': [ '6.0.2' ],
46 silly audit   agentkeepalive: [ '4.2.1' ],
46 silly audit   depd: [ '1.1.2', '2.0.0' ],
46 silly audit   'aggregate-error': [ '3.1.0' ],
46 silly audit   'ajv-formats': [ '2.1.1', '3.0.1' ],
46 silly audit   'ajv-keywords': [ '3.5.2', '5.1.0' ],
46 silly audit   'ansi-align': [ '3.0.1' ],
46 silly audit   'ansi-escapes': [ '4.3.2' ],
46 silly audit   'type-fest': [ '0.21.3', '2.19.0', '1.4.0', '0.20.2' ],
46 silly audit   anymatch: [ '3.1.2' ],
46 silly audit   aproba: [ '2.0.0' ],
46 silly audit   archy: [ '1.0.0' ],
46 silly audit   'are-we-there-yet': [ '3.0.1' ],
46 silly audit   'array-buffer-byte-length': [ '1.0.1' ],
46 silly audit   'array-includes': [ '3.1.8' ],
46 silly audit   'array-union': [ '2.1.0' ],
46 silly audit   'array.prototype.findlastindex': [ '1.2.5' ],
46 silly audit   'array.prototype.flat': [ '1.3.2' ],
46 silly audit   'array.prototype.flatmap': [ '1.3.2' ],
46 silly audit   'arraybuffer.prototype.slice': [ '1.0.3' ],
46 silly audit   asap: [ '2.0.6' ],
46 silly audit   'assert-never': [ '1.2.1' ],
46 silly audit   'at-least-node': [ '1.0.0' ],
46 silly audit   'atomic-sleep': [ '1.0.0' ],
46 silly audit   'available-typed-arrays': [ '1.0.7' ],
46 silly audit   avvio: [ '8.3.0' ],
46 silly audit   'babel-jest': [ '29.7.0' ],
46 silly audit   'babel-plugin-istanbul': [ '6.1.1' ],
46 silly audit   'istanbul-lib-instrument': [ '5.2.1', '6.0.2' ],
46 silly audit   'babel-plugin-jest-hoist': [ '29.6.3' ],
46 silly audit   'babel-preset-current-node-syntax': [ '1.0.1' ],
46 silly audit   'babel-preset-jest': [ '29.6.3' ],
46 silly audit   'babel-walk': [ '3.0.0-canary-5' ],
46 silly audit   'balanced-match': [ '1.0.2' ],
46 silly audit   'base64-js': [ '1.5.1' ],
46 silly audit   'better-sqlite3': [ '8.7.0' ],
46 silly audit   'binary-extensions': [ '2.2.0' ],
46 silly audit   bindings: [ '1.5.0' ],
46 silly audit   bl: [ '4.1.0' ],
46 silly audit   bluebird: [ '3.7.2' ],
46 silly audit   bootstrap: [ '5.3.3' ],
46 silly audit   boxen: [ '7.0.0' ],
46 silly audit   camelcase: [ '7.0.0', '5.3.1', '6.3.0' ],
46 silly audit   braces: [ '3.0.2' ],
46 silly audit   browserslist: [ '4.23.0' ],
46 silly audit   bser: [ '2.1.1' ],
46 silly audit   buffer: [ '5.7.1', '6.0.3' ],
46 silly audit   'buffer-from': [ '1.1.2' ],
46 silly audit   builtins: [ '5.1.0' ],
46 silly audit   cacache: [ '17.1.4', '16.1.3', '15.3.0' ],
46 silly audit   'fs-minipass': [ '3.0.3', '2.1.0' ],
46 silly audit   minipass: [ '7.0.4', '5.0.0', '3.3.4' ],
46 silly audit   'unique-filename': [ '3.0.0', '2.0.1', '1.1.1' ],
46 silly audit   'unique-slug': [ '4.0.0', '3.0.0', '2.0.2' ],
46 silly audit   'cacheable-lookup': [ '6.1.0' ],
46 silly audit   'cacheable-request': [ '7.0.2' ],
46 silly audit   'get-stream': [ '5.2.0', '6.0.1' ],
46 silly audit   'lowercase-keys': [ '2.0.0', '3.0.0' ],
46 silly audit   'call-bind': [ '1.0.7' ],
46 silly audit   callsites: [ '3.1.0' ],
46 silly audit   'caniuse-lite': [ '1.0.30001612' ],
46 silly audit   'char-regex': [ '1.0.2' ],
46 silly audit   'character-parser': [ '2.2.0' ],
46 silly audit   chokidar: [ '3.5.3' ],
46 silly audit   'glob-parent': [ '5.1.2', '6.0.2' ],
46 silly audit   chownr: [ '2.0.0', '1.1.4' ],
46 silly audit   'chrome-trace-event': [ '1.0.3' ],
46 silly audit   'ci-info': [ '3.3.2' ],
46 silly audit   'cjs-module-lexer': [ '1.2.3' ],
46 silly audit   'clean-stack': [ '2.2.0' ],
46 silly audit   'cli-boxes': [ '3.0.0' ],
46 silly audit   'cli-color': [ '2.0.4' ],
46 silly audit   'cli-table3': [ '0.6.4' ],
46 silly audit   cliui: [ '8.0.1', '7.0.4' ],
46 silly audit   'wrap-ansi': [ '7.0.0', '8.1.0' ],
46 silly audit   'clone-deep': [ '4.0.1' ],
46 silly audit   'clone-response': [ '1.0.3' ],
46 silly audit   'close-with-grace': [ '1.1.0' ],
46 silly audit   co: [ '4.6.0' ],
46 silly audit   'collect-v8-coverage': [ '1.0.2' ],
46 silly audit   'color-support': [ '1.1.3' ],
46 silly audit   colorette: [ '2.0.19' ],
46 silly audit   commander: [ '10.0.1', '2.20.3' ],
46 silly audit   commist: [ '3.0.0' ],
46 silly audit   'concat-map': [ '0.0.1' ],
46 silly audit   concurrently: [ '8.2.2' ],
46 silly audit   'config-chain': [ '1.1.13' ],
46 silly audit   ini: [ '1.3.8', '2.0.0', '4.1.2' ],
46 silly audit   configstore: [ '6.0.0' ],
46 silly audit   'write-file-atomic': [ '3.0.3', '4.0.2' ],
46 silly audit   'confusing-browser-globals': [ '1.0.11' ],
46 silly audit   'console-control-strings': [ '1.1.0' ],
46 silly audit   constantinople: [ '4.0.1' ],
46 silly audit   'content-disposition': [ '0.5.4' ],
46 silly audit   'convert-source-map': [ '2.0.0' ],
46 silly audit   cookie: [ '0.6.0', '0.4.2' ],
46 silly audit   'cookie-signature': [ '1.2.1' ],
46 silly audit   'create-jest': [ '29.7.0' ],
46 silly audit   'cross-spawn': [ '7.0.3' ],
46 silly audit   'crypto-random-string': [ '4.0.0' ],
46 silly audit   'css-loader': [ '7.1.1' ],
46 silly audit   cssesc: [ '3.0.0' ],
46 silly audit   d: [ '1.0.2' ],
46 silly audit   'data-view-buffer': [ '1.0.1' ],
46 silly audit   'data-view-byte-length': [ '1.0.1' ],
46 silly audit   'data-view-byte-offset': [ '1.0.0' ],
46 silly audit   'date-fns': [ '2.30.0' ],
46 silly audit   dateformat: [ '4.6.3' ],
46 silly audit   'db-errors': [ '0.2.3' ],
46 silly audit   debug: [ '4.3.4', '3.2.7' ],
46 silly audit   ms: [ '2.1.2', '2.1.3' ],
46 silly audit   'decompress-response': [ '6.0.0' ],
46 silly audit   'mimic-response': [ '3.1.0', '1.0.1' ],
46 silly audit   dedent: [ '1.5.3' ],
46 silly audit   'deep-extend': [ '0.6.0' ],
46 silly audit   'deep-is': [ '0.1.4' ],
46 silly audit   deepmerge: [ '4.3.1' ],
46 silly audit   'defer-to-connect': [ '2.0.1' ],
46 silly audit   'define-data-property': [ '1.1.4' ],
46 silly audit   'define-properties': [ '1.2.1' ],
46 silly audit   delegates: [ '1.0.0' ],
46 silly audit   'detect-libc': [ '2.0.3' ],
46 silly audit   'detect-newline': [ '3.1.0' ],
46 silly audit   'diff-sequences': [ '29.6.3' ],
46 silly audit   'dir-glob': [ '3.0.1' ],
46 silly audit   doctrine: [ '3.0.0', '2.1.0' ],
46 silly audit   doctypes: [ '1.1.0' ],
46 silly audit   'dot-prop': [ '6.0.1' ],
46 silly audit   dotenv: [ '16.4.5' ],
46 silly audit   dottie: [ '2.0.6' ],
46 silly audit   eastasianwidth: [ '0.2.0' ],
46 silly audit   editorconfig: [ '1.0.4' ],
46 silly audit   'electron-to-chromium': [ '1.4.746' ],
46 silly audit   emittery: [ '0.13.1' ],
46 silly audit   encoding: [ '0.1.13' ],
46 silly audit   'end-of-stream': [ '1.4.4' ],
46 silly audit   'enhanced-resolve': [ '5.16.0' ],
46 silly audit   entities: [ '3.0.1' ],
46 silly audit   'env-paths': [ '2.2.1' ],
46 silly audit   envinfo: [ '7.12.0' ],
46 silly audit   'err-code': [ '2.0.3' ],
46 silly audit   'error-ex': [ '1.3.2' ],
46 silly audit   'es-abstract': [ '1.23.3' ],
46 silly audit   'es-define-property': [ '1.0.0' ],
46 silly audit   'es-errors': [ '1.3.0' ],
46 silly audit   'es-module-lexer': [ '1.5.0' ],
46 silly audit   'es-object-atoms': [ '1.0.0' ],
46 silly audit   'es-set-tostringtag': [ '2.0.3' ],
46 silly audit   'es-shim-unscopables': [ '1.0.2' ],
46 silly audit   'es-to-primitive': [ '1.2.1' ],
46 silly audit   'es5-ext': [ '0.10.64' ],
46 silly audit   'es6-iterator': [ '2.0.3' ],
46 silly audit   'es6-symbol': [ '3.1.4' ],
46 silly audit   'es6-weak-map': [ '2.0.3' ],
46 silly audit   escalade: [ '3.1.1' ],
46 silly audit   'escape-goat': [ '4.0.0' ],
46 silly audit   'escape-html': [ '1.0.3' ],
46 silly audit   'escape-string-regexp': [ '1.0.5', '4.0.0', '2.0.0' ],
46 silly audit   eslint: [ '8.57.0' ],
46 silly audit   'eslint-config-airbnb-base': [ '15.0.0' ],
46 silly audit   'eslint-import-resolver-node': [ '0.3.9' ],
46 silly audit   'eslint-module-utils': [ '2.8.1' ],
46 silly audit   'eslint-plugin-import': [ '2.29.1' ],
46 silly audit   'eslint-scope': [ '7.2.2', '5.1.1' ],
46 silly audit   'eslint-visitor-keys': [ '3.4.3', '4.0.0' ],
46 silly audit   espree: [ '9.6.1', '10.0.1' ],
46 silly audit   esm: [ '3.2.25' ],
46 silly audit   esniff: [ '2.0.1' ],
46 silly audit   esprima: [ '4.0.1' ],
46 silly audit   esquery: [ '1.5.0' ],
46 silly audit   esrecurse: [ '4.3.0' ],
46 silly audit   estraverse: [ '5.3.0', '4.3.0' ],
46 silly audit   esutils: [ '2.0.3' ],
46 silly audit   'event-emitter': [ '0.3.5' ],
46 silly audit   'event-target-shim': [ '5.0.1' ],
46 silly audit   events: [ '3.3.0' ],
46 silly audit   execa: [ '5.1.1' ],
46 silly audit   exit: [ '0.1.2' ],
46 silly audit   'expand-template': [ '2.0.3' ],
46 silly audit   expect: [ '29.7.0' ],
46 silly audit   'exponential-backoff': [ '3.1.1' ],
46 silly audit   ext: [ '1.7.0' ],
46 silly audit   'fast-content-type-parse': [ '1.1.0' ],
46 silly audit   'fast-copy': [ '3.0.2' ],
46 silly audit   'fast-decode-uri-component': [ '1.0.1' ],
46 silly audit   'fast-deep-equal': [ '3.1.3' ],
46 silly audit   'fast-glob': [ '3.2.11' ],
46 silly audit   'fast-json-stable-stringify': [ '2.1.0' ],
46 silly audit   'fast-json-stringify': [ '5.14.1' ],
46 silly audit   'fast-levenshtein': [ '2.0.6' ],
46 silly audit   'fast-memoize': [ '2.5.2' ],
46 silly audit   'fast-querystring': [ '1.0.0' ],
46 silly audit   'fast-redact': [ '3.5.0' ],
46 silly audit   'fast-safe-stringify': [ '2.1.1' ],
46 silly audit   'fast-uri': [ '2.3.0' ],
46 silly audit   'fastest-levenshtein': [ '1.0.16' ],
46 silly audit   fastify: [ '4.26.2' ],
46 silly audit   'fastify-cli': [ '6.1.1' ],
46 silly audit   'pino-pretty': [ '10.3.1', '11.0.0' ],
46 silly audit   'help-me': [ '5.0.0', '4.2.0' ],
46 silly audit   'readable-stream': [ '4.5.2', '3.6.2' ],
46 silly audit   'fastify-error-page': [ '4.0.0' ],
46 silly audit   'fastify-method-override': [ '1.5.10' ],
46 silly audit   'fastify-objectionjs': [ '2.0.1' ],
46 silly audit   knex: [ '2.5.1', '3.1.0' ],
46 silly audit   'pg-connection-string': [ '2.6.1', '2.6.2', '2.6.4' ],
46 silly audit   'fastify-reverse-routes': [ '3.0.0' ],
46 silly audit   fastq: [ '1.17.1' ],
46 silly audit   'fb-watchman': [ '2.0.2' ],
46 silly audit   'file-entry-cache': [ '6.0.1' ],
46 silly audit   'file-uri-to-path': [ '1.0.0' ],
46 silly audit   'fill-range': [ '7.0.1' ],
46 silly audit   'find-my-way': [ '8.1.0' ],
46 silly audit   'flat-cache': [ '3.2.0' ],
46 silly audit   flatted: [ '3.3.1' ],
46 silly audit   'for-each': [ '0.3.3' ],
46 silly audit   'foreground-child': [ '3.1.1' ],
46 silly audit   'signal-exit': [ '4.1.0', '3.0.7' ],
46 silly audit   'form-data-encoder': [ '2.1.0' ],
46 silly audit   forwarded: [ '0.2.0' ],
46 silly audit   'fp-and-or': [ '0.1.4' ],
46 silly audit   'fs-constants': [ '1.0.0' ],
46 silly audit   'fs-extra': [ '9.1.0' ],
46 silly audit   'fs.realpath': [ '1.0.0' ],
46 silly audit   fsevents: [ '2.3.2' ],
46 silly audit   'function-bind': [ '1.1.2' ],
46 silly audit   'function.prototype.name': [ '1.1.6' ],
46 silly audit   'functions-have-names': [ '1.2.3' ],
46 silly audit   gauge: [ '4.0.4' ],
46 silly audit   generify: [ '4.2.0' ],
46 silly audit   gensync: [ '1.0.0-beta.2' ],
46 silly audit   'get-caller-file': [ '2.0.5' ],
46 silly audit   'get-intrinsic': [ '1.2.4' ],
46 silly audit   'get-package-type': [ '0.1.0' ],
46 silly audit   'get-stdin': [ '8.0.0' ],
46 silly audit   'get-symbol-description': [ '1.0.2' ],
46 silly audit   getopts: [ '2.3.0' ],
46 silly audit   'github-from-package': [ '0.0.0' ],
46 silly audit   'glob-to-regexp': [ '0.4.1' ],
46 silly audit   'global-dirs': [ '3.0.0' ],
46 silly audit   globalthis: [ '1.0.3' ],
46 silly audit   globby: [ '11.1.0' ],
46 silly audit   gopd: [ '1.0.1' ],
46 silly audit   got: [ '12.3.1' ],
46 silly audit   'graceful-fs': [ '4.2.10', '4.2.11' ],
46 silly audit   graphemer: [ '1.4.0' ],
46 silly audit   'has-bigints': [ '1.0.2' ],
46 silly audit   'has-property-descriptors': [ '1.0.2' ],
46 silly audit   'has-proto': [ '1.0.3' ],
46 silly audit   'has-symbols': [ '1.0.3' ],
46 silly audit   'has-tostringtag': [ '1.0.2' ],
46 silly audit   'has-unicode': [ '2.0.1' ],
46 silly audit   'has-yarn': [ '3.0.0' ],
46 silly audit   hashlru: [ '2.3.0' ],
46 silly audit   hasown: [ '2.0.2' ],
46 silly audit   'hosted-git-info': [ '5.2.1', '6.1.1' ],
46 silly audit   'html-escaper': [ '2.0.2' ],
46 silly audit   'http-cache-semantics': [ '4.1.1' ],
46 silly audit   'http-errors': [ '2.0.0' ],
46 silly audit   'http-proxy-agent': [ '5.0.0', '4.0.1' ],
46 silly audit   'http2-wrapper': [ '2.1.11' ],
46 silly audit   'https-proxy-agent': [ '5.0.1' ],
46 silly audit   'human-signals': [ '2.1.0' ],
46 silly audit   'humanize-ms': [ '1.2.1' ],
46 silly audit   i18next: [ '23.11.2' ],
46 silly audit   'iconv-lite': [ '0.6.3' ],
46 silly audit   'icss-utils': [ '5.1.0' ],
46 silly audit   ieee754: [ '1.2.1' ],
46 silly audit   ignore: [ '5.2.0' ],
46 silly audit   'ignore-walk': [ '6.0.4' ],
46 silly audit   'import-fresh': [ '3.3.0' ],
46 silly audit   'resolve-from': [ '4.0.0', '5.0.0' ],
46 silly audit   'import-lazy': [ '4.0.0' ],
46 silly audit   'import-local': [ '3.1.0' ],
46 silly audit   imurmurhash: [ '0.1.4' ],
46 silly audit   'indent-string': [ '4.0.0' ],
46 silly audit   'infer-owner': [ '1.0.4' ],
46 silly audit   inflection: [ '1.13.4' ],
46 silly audit   inflight: [ '1.0.6' ],
46 silly audit   inherits: [ '2.0.4' ],
46 silly audit   'internal-slot': [ '1.0.7' ],
46 silly audit   interpret: [ '2.2.0', '3.1.1' ],
46 silly audit   ip: [ '2.0.0' ],
46 silly audit   'ipaddr.js': [ '1.9.1' ],
46 silly audit   'is-array-buffer': [ '3.0.4' ],
46 silly audit   'is-arrayish': [ '0.2.1' ],
46 silly audit   'is-bigint': [ '1.0.4' ],
46 silly audit   'is-binary-path': [ '2.1.0' ],
46 silly audit   'is-boolean-object': [ '1.1.2' ],
46 silly audit   'is-callable': [ '1.2.7' ],
46 silly audit   'is-ci': [ '3.0.1' ],
46 silly audit   'is-core-module': [ '2.13.1' ],
46 silly audit   'is-data-view': [ '1.0.1' ],
46 silly audit   'is-date-object': [ '1.0.5' ],
46 silly audit   'is-docker': [ '2.2.1' ],
46 silly audit   'is-expression': [ '4.0.0' ],
46 silly audit   'is-extglob': [ '2.1.1' ],
46 silly audit   'is-fullwidth-code-point': [ '3.0.0' ],
46 silly audit   'is-generator-fn': [ '2.1.0' ],
46 silly audit   'is-glob': [ '4.0.3' ],
46 silly audit   'is-installed-globally': [ '0.4.0' ],
46 silly audit   'is-lambda': [ '1.0.1' ],
46 silly audit   'is-negative-zero': [ '2.0.3' ],
46 silly audit   'is-npm': [ '6.0.0' ],
46 silly audit   'is-number': [ '7.0.0' ],
46 silly audit   'is-number-object': [ '1.0.7' ],
46 silly audit   'is-obj': [ '2.0.0' ],
46 silly audit   'is-path-inside': [ '3.0.3' ],
46 silly audit   'is-plain-object': [ '2.0.4' ],
46 silly audit   'is-promise': [ '2.2.2' ],
46 silly audit   'is-regex': [ '1.1.4' ],
46 silly audit   'is-shared-array-buffer': [ '1.0.3' ],
46 silly audit   'is-stream': [ '2.0.1' ],
46 silly audit   'is-string': [ '1.0.7' ],
46 silly audit   'is-symbol': [ '1.0.4' ],
46 silly audit   'is-typed-array': [ '1.1.13' ],
46 silly audit   'is-typedarray': [ '1.0.0' ],
46 silly audit   'is-weakref': [ '1.0.2' ],
46 silly audit   'is-yarn-global': [ '0.4.0' ],
46 silly audit   isarray: [ '2.0.5' ],
46 silly audit   isbinaryfile: [ '4.0.10' ],
46 silly audit   isexe: [ '2.0.0' ],
46 silly audit   isobject: [ '3.0.1' ],
46 silly audit   'istanbul-lib-coverage': [ '3.2.2' ],
46 silly audit   'istanbul-lib-report': [ '3.0.1' ],
46 silly audit   'istanbul-lib-source-maps': [ '4.0.1' ],
46 silly audit   'istanbul-reports': [ '3.1.7' ],
46 silly audit   jackspeak: [ '2.3.6' ],
46 silly audit   jest: [ '29.7.0' ],
46 silly audit   'jest-changed-files': [ '29.7.0' ],
46 silly audit   'jest-circus': [ '29.7.0' ],
46 silly audit   'jest-cli': [ '29.7.0' ],
46 silly audit   'jest-config': [ '29.7.0' ],
46 silly audit   'jest-diff': [ '29.7.0' ],
46 silly audit   'jest-docblock': [ '29.7.0' ],
46 silly audit   'jest-each': [ '29.7.0' ],
46 silly audit   'jest-environment-node': [ '29.7.0' ],
46 silly audit   'jest-get-type': [ '29.6.3' ],
46 silly audit   'jest-haste-map': [ '29.7.0' ],
46 silly audit   'jest-leak-detector': [ '29.7.0' ],
46 silly audit   'jest-matcher-utils': [ '29.7.0' ],
46 silly audit   'jest-message-util': [ '29.7.0' ],
46 silly audit   'jest-mock': [ '29.7.0' ],
46 silly audit   'jest-pnp-resolver': [ '1.2.3' ],
46 silly audit   'jest-regex-util': [ '29.6.3' ],
46 silly audit   'jest-resolve': [ '29.7.0' ],
46 silly audit   'jest-resolve-dependencies': [ '29.7.0' ],
46 silly audit   'jest-runner': [ '29.7.0' ],
46 silly audit   'jest-runtime': [ '29.7.0' ],
46 silly audit   'jest-snapshot': [ '29.7.0' ],
46 silly audit   'jest-util': [ '29.7.0' ],
46 silly audit   'jest-validate': [ '29.7.0' ],
46 silly audit   'jest-watcher': [ '29.7.0' ],
46 silly audit   'jest-worker': [ '29.7.0', '27.5.1' ],
46 silly audit   jju: [ '1.4.0' ],
46 silly audit   joycon: [ '3.1.1' ],
46 silly audit   jquery: [ '3.7.1' ],
46 silly audit   'js-beautify': [ '1.15.1' ],
46 silly audit   nopt: [ '7.2.0', '6.0.0', '5.0.0' ],
46 silly audit   'js-cookie': [ '3.0.5' ],
46 silly audit   'js-stringify': [ '1.0.2' ],
46 silly audit   'js-tokens': [ '4.0.0' ],
46 silly audit   jsesc: [ '2.5.2' ],
46 silly audit   'json-buffer': [ '3.0.1' ],
46 silly audit   'json-parse-even-better-errors': [ '2.3.1', '3.0.1' ],
46 silly audit   'json-parse-helpfulerror': [ '1.0.3' ],
46 silly audit   'json-schema-ref-resolver': [ '1.0.1' ],
46 silly audit   'json-stable-stringify-without-jsonify': [ '1.0.1' ],
46 silly audit   json5: [ '2.2.3', '1.0.2' ],
46 silly audit   jsonfile: [ '6.1.0' ],
46 silly audit   jsonlines: [ '0.1.1' ],
46 silly audit   jsonparse: [ '1.3.1' ],
46 silly audit   jstransformer: [ '1.0.0' ],
46 silly audit   'jstransformer-markdown-it': [ '3.0.0' ],
46 silly audit   keyv: [ '4.5.4' ],
46 silly audit   'kind-of': [ '6.0.3' ],
46 silly audit   kleur: [ '3.0.3', '4.1.5' ],
46 silly audit   'latest-version': [ '7.0.0' ],
46 silly audit   leven: [ '3.1.0' ],
46 silly audit   levn: [ '0.4.1' ],
46 silly audit   'light-my-request': [ '5.13.0' ],
46 silly audit   'lines-and-columns': [ '1.2.4' ],
46 silly audit   'linkify-it': [ '4.0.1' ],
46 silly audit   'loader-runner': [ '4.3.0' ],
46 silly audit   lodash: [ '4.17.21' ],
46 silly audit   'lodash.castarray': [ '4.4.0' ],
46 silly audit   'lodash.compact': [ '3.0.1' ],
46 silly audit   'lodash.isempty': [ '4.4.0' ],
46 silly audit   'lodash.merge': [ '4.6.2' ],
46 silly audit   yallist: [ '3.1.1', '4.0.0' ],
46 silly audit   'lru-queue': [ '0.1.0' ],
46 silly audit   'make-dir': [ '4.0.0' ],
46 silly audit   'make-fetch-happen': [ '11.1.1', '10.2.1', '9.1.0' ],
46 silly audit   'make-promises-safe': [ '5.1.0' ],
46 silly audit   makeerror: [ '1.0.12' ],
46 silly audit   'markdown-it': [ '13.0.2' ],
46 silly audit   mdurl: [ '1.0.1' ],
46 silly audit   'media-typer': [ '0.3.0' ],
46 silly audit   memoizee: [ '0.4.15' ],
46 silly audit   'merge-stream': [ '2.0.0' ],
46 silly audit   merge2: [ '1.4.1' ],
46 silly audit   micromatch: [ '4.0.5' ],
46 silly audit   mime: [ '3.0.0' ],
46 silly audit   'mime-db': [ '1.52.0' ],
46 silly audit   'mime-types': [ '2.1.35' ],
46 silly audit   'mimic-fn': [ '2.1.0' ],
46 silly audit   'mini-css-extract-plugin': [ '2.9.0' ],
46 silly audit   minimist: [ '1.2.6' ],
46 silly audit   'minipass-collect': [ '1.0.2' ],
46 silly audit   'minipass-fetch': [ '3.0.4', '2.1.2', '1.4.1' ],
46 silly audit   'minipass-flush': [ '1.0.5' ],
46 silly audit   'minipass-json-stream': [ '1.0.1' ],
46 silly audit   'minipass-pipeline': [ '1.2.4' ],
46 silly audit   'minipass-sized': [ '1.0.3' ],
46 silly audit   minizlib: [ '2.1.2' ],
46 silly audit   mkdirp: [ '1.0.4' ],
46 silly audit   'mkdirp-classic': [ '0.5.3' ],
46 silly audit   moment: [ '2.30.1' ],
46 silly audit   'moment-timezone': [ '0.5.45' ],
46 silly audit   mustache: [ '4.2.0' ],
46 silly audit   nanoid: [ '3.3.7' ],
46 silly audit   'napi-build-utils': [ '1.0.2' ],
46 silly audit   'natural-compare': [ '1.4.0' ],
46 silly audit   negotiator: [ '0.6.3' ],
46 silly audit   'neo-async': [ '2.6.2' ],
46 silly audit   'next-tick': [ '1.1.0' ],
46 silly audit   'node-abi': [ '3.60.0' ],
46 silly audit   'node-addon-api': [ '4.3.0', '7.1.0' ],
46 silly audit   'node-gyp': [ '9.4.1', '8.4.1' ],
46 silly audit   'node-gyp-build': [ '4.8.0' ],
46 silly audit   ssri: [ '9.0.1', '8.0.1', '10.0.5' ],
46 silly audit   'node-int64': [ '0.4.0' ],
46 silly audit   'node-releases': [ '2.0.14' ],
46 silly audit   'normalize-package-data': [ '5.0.0' ],
46 silly audit   'normalize-path': [ '3.0.0' ],
46 silly audit   'normalize-url': [ '6.1.0' ],
46 silly audit   'npm-bundled': [ '3.0.0' ],
46 silly audit   'npm-check-updates': [ '16.14.18' ],
46 silly audit   rimraf: [ '5.0.5', '3.0.2' ],
46 silly audit   'source-map-support': [ '0.5.21', '0.5.13' ],
46 silly audit   'strip-json-comments': [ '5.0.1', '2.0.1', '3.1.1' ],
46 silly audit   'npm-install-checks': [ '6.3.0' ],
46 silly audit   'npm-normalize-package-bin': [ '3.0.1' ],
46 silly audit   'npm-package-arg': [ '10.1.0' ],
46 silly audit   'npm-packlist': [ '7.0.4' ],
46 silly audit   'npm-pick-manifest': [ '8.0.2' ],
46 silly audit   'npm-registry-fetch': [ '14.0.5' ],
46 silly audit   'npm-run-path': [ '4.0.1' ],
46 silly audit   npmlog: [ '6.0.2' ],
46 silly audit   'object-assign': [ '4.1.1' ],
46 silly audit   'object-inspect': [ '1.13.1' ],
46 silly audit   'object-keys': [ '1.1.1' ],
46 silly audit   'object.assign': [ '4.1.5' ],
46 silly audit   'object.entries': [ '1.1.8' ],
46 silly audit   'object.fromentries': [ '2.0.8' ],
46 silly audit   'object.groupby': [ '1.0.3' ],
46 silly audit   'object.values': [ '1.2.0' ],
46 silly audit   objection: [ '3.1.4' ],
46 silly audit   'objection-unique': [ '1.2.2' ],
46 silly audit   'on-exit-leak-free': [ '2.1.2' ],
46 silly audit   once: [ '1.4.0' ],
46 silly audit   onetime: [ '5.1.2' ],
46 silly audit   optionator: [ '0.9.3' ],
46 silly audit   'p-cancelable': [ '3.0.0' ],
46 silly audit   'p-map': [ '4.0.0' ],
46 silly audit   'p-try': [ '2.2.0' ],
46 silly audit   'package-json': [ '8.1.0' ],
46 silly audit   pacote: [ '15.2.0' ],
46 silly audit   'parent-module': [ '1.0.1' ],
46 silly audit   'parse-github-url': [ '1.0.2' ],
46 silly audit   'parse-json': [ '5.2.0' ],
46 silly audit   'path-exists': [ '4.0.0', '3.0.0' ],
46 silly audit   'path-is-absolute': [ '1.0.1' ],
46 silly audit   'path-key': [ '3.1.1' ],
46 silly audit   'path-parse': [ '1.0.7' ],
46 silly audit   'path-scurry': [ '1.10.2' ],
46 silly audit   'path-to-regexp': [ '6.2.1' ],
46 silly audit   'path-type': [ '4.0.0' ],
46 silly audit   pg: [ '8.11.5' ],
46 silly audit   'pg-cloudflare': [ '1.1.1' ],
46 silly audit   'pg-int8': [ '1.0.1' ],
46 silly audit   'pg-pool': [ '3.6.2' ],
46 silly audit   'pg-protocol': [ '1.6.1' ],
46 silly audit   'pg-types': [ '2.2.0' ],
46 silly audit   pgpass: [ '1.0.5' ],
46 silly audit   split2: [ '4.2.0', '3.2.2' ],
46 silly audit   picocolors: [ '1.0.0' ],
46 silly audit   picomatch: [ '2.3.1' ],
46 silly audit   pino: [ '8.20.0' ],
46 silly audit   'pino-abstract-transport': [ '1.2.0' ],
46 silly audit   'pino-std-serializers': [ '6.2.2' ],
46 silly audit   pirates: [ '4.0.6' ],
46 silly audit   'pkg-dir': [ '4.2.0' ],
46 silly audit   'pkg-up': [ '3.1.0' ],
46 silly audit   'possible-typed-array-names': [ '1.0.0' ],
46 silly audit   postcss: [ '8.4.38' ],
46 silly audit   'postcss-modules-extract-imports': [ '3.1.0' ],
46 silly audit   'postcss-modules-local-by-default': [ '4.0.5' ],
46 silly audit   'postcss-modules-scope': [ '3.2.0' ],
46 silly audit   'postcss-modules-values': [ '4.0.0' ],
46 silly audit   'postcss-selector-parser': [ '6.0.16' ],
46 silly audit   'postcss-value-parser': [ '4.2.0' ],
46 silly audit   'postgres-array': [ '2.0.0' ],
46 silly audit   'postgres-bytea': [ '1.0.0' ],
46 silly audit   'postgres-date': [ '1.0.7' ],
46 silly audit   'postgres-interval': [ '1.2.0' ],
46 silly audit   'prebuild-install': [ '7.1.2' ],
46 silly audit   'prelude-ls': [ '1.2.1' ],
46 silly audit   'pretty-format': [ '29.7.0' ],
46 silly audit   'proc-log': [ '3.0.0' ],
46 silly audit   process: [ '0.11.10' ],
46 silly audit   'process-warning': [ '3.0.0' ],
46 silly audit   progress: [ '2.0.3' ],
46 silly audit   promise: [ '7.3.1' ],
46 silly audit   'promise-inflight': [ '1.0.1' ],
46 silly audit   'promise-retry': [ '2.0.1' ],
46 silly audit   prompts: [ '2.4.2' ],
46 silly audit   'prompts-ncu': [ '3.0.0' ],
46 silly audit   'proto-list': [ '1.2.4' ],
46 silly audit   'proxy-addr': [ '2.0.7' ],
46 silly audit   pug: [ '3.0.2' ],
46 silly audit   'pug-attrs': [ '3.0.0' ],
46 silly audit   'pug-code-gen': [ '3.0.2' ],
46 silly audit   'pug-error': [ '2.0.0' ],
46 silly audit   'pug-filters': [ '4.0.0' ],
46 silly audit   'pug-lexer': [ '5.0.1' ],
46 silly audit   'pug-linker': [ '4.0.0' ],
46 silly audit   'pug-load': [ '3.0.0' ],
46 silly audit   'pug-parser': [ '6.0.0' ],
46 silly audit   'pug-runtime': [ '3.0.1' ],
46 silly audit   'pug-strip-comments': [ '2.0.0' ],
46 silly audit   'pug-walk': [ '2.0.0' ],
46 silly audit   pump: [ '3.0.0' ],
46 silly audit   punycode: [ '2.1.1' ],
46 silly audit   pupa: [ '3.1.0' ],
46 silly audit   'pure-rand': [ '6.1.0' ],
46 silly audit   qs: [ '6.12.1' ],
46 silly audit   'queue-microtask': [ '1.2.3' ],
46 silly audit   'quick-format-unescaped': [ '4.0.4' ],
46 silly audit   'quick-lru': [ '5.1.1' ],
46 silly audit   randombytes: [ '2.1.0' ],
46 silly audit   rc: [ '1.2.8' ],
46 silly audit   'rc-config-loader': [ '4.1.3' ],
46 silly audit   'react-is': [ '18.2.0' ],
46 silly audit   'read-package-json': [ '6.0.4' ],
46 silly audit   'read-package-json-fast': [ '3.0.2' ],
46 silly audit   readdirp: [ '3.6.0' ],
46 silly audit   'real-require': [ '0.2.0' ],
46 silly audit   rechoir: [ '0.8.0' ],
46 silly audit   'regenerator-runtime': [ '0.14.1' ],
46 silly audit   'regexp.prototype.flags': [ '1.5.2' ],
46 silly audit   'registry-auth-token': [ '5.0.1' ],
46 silly audit   'registry-url': [ '6.0.1' ],
46 silly audit   'remote-git-tags': [ '3.0.0' ],
46 silly audit   'require-directory': [ '2.1.1' ],
46 silly audit   'require-from-string': [ '2.0.2' ],
46 silly audit   resolve: [ '1.22.8' ],
46 silly audit   'resolve-alpn': [ '1.2.1' ],
46 silly audit   'resolve-cwd': [ '3.0.0' ],
46 silly audit   'resolve.exports': [ '2.0.2' ],
46 silly audit   responselike: [ '2.0.1' ],
46 silly audit   ret: [ '0.2.2' ],
46 silly audit   retry: [ '0.12.0' ],
46 silly audit   'retry-as-promised': [ '7.0.4' ],
46 silly audit   reusify: [ '1.0.4' ],
46 silly audit   rfdc: [ '1.3.1' ],
46 silly audit   'run-parallel': [ '1.2.0' ],
46 silly audit   rxjs: [ '7.8.1' ],
46 silly audit   'safe-array-concat': [ '1.1.2' ],
46 silly audit   'safe-buffer': [ '5.2.1' ],
46 silly audit   'safe-regex-test': [ '1.0.3' ],
46 silly audit   'safe-regex2': [ '2.0.0' ],
46 silly audit   'safe-stable-stringify': [ '2.4.3' ],
46 silly audit   'safer-buffer': [ '2.1.2' ],
46 silly audit   'schema-utils': [ '4.0.0', '3.3.0' ],
46 silly audit   'secure-json-parse': [ '2.7.0' ],
46 silly audit   'semver-diff': [ '4.0.0' ],
46 silly audit   'semver-utils': [ '1.1.4' ],
46 silly audit   sequelize: [ '6.37.3' ],
46 silly audit   'sequelize-cli': [ '6.6.2' ],
46 silly audit   yargs: [ '16.2.0', '17.7.2' ],
46 silly audit   'yargs-parser': [ '20.2.9', '21.1.1' ],
46 silly audit   'sequelize-pool': [ '7.1.0' ],
46 silly audit   'serialize-javascript': [ '6.0.2' ],
46 silly audit   'set-blocking': [ '2.0.0' ],
46 silly audit   'set-cookie-parser': [ '2.6.0' ],
46 silly audit   'set-function-length': [ '1.2.2' ],
46 silly audit   'set-function-name': [ '2.0.2' ],
46 silly audit   setprototypeof: [ '1.2.0' ],
46 silly audit   'shallow-clone': [ '3.0.1' ],
46 silly audit   'shebang-command': [ '2.0.0' ],
46 silly audit   'shebang-regex': [ '3.0.0' ],
46 silly audit   'shell-quote': [ '1.8.1' ],
46 silly audit   'side-channel': [ '1.0.6' ],
46 silly audit   sigstore: [ '1.9.0' ],
46 silly audit   'simple-concat': [ '1.0.1' ],
46 silly audit   'simple-get': [ '4.0.1' ],
46 silly audit   sisteransi: [ '1.0.5' ],
46 silly audit   slash: [ '3.0.0' ],
46 silly audit   'smart-buffer': [ '4.2.0' ],
46 silly audit   socks: [ '2.7.0' ],
46 silly audit   'socks-proxy-agent': [ '7.0.0', '6.2.1' ],
46 silly audit   'sodium-native': [ '4.1.1' ],
46 silly audit   'sonic-boom': [ '3.8.1' ],
46 silly audit   'source-map': [ '0.6.1' ],
46 silly audit   'source-map-js': [ '1.2.0' ],
46 silly audit   'spawn-command': [ '0.0.2' ],
46 silly audit   'spawn-please': [ '2.0.2' ],
46 silly audit   'spdx-correct': [ '3.2.0' ],
46 silly audit   'spdx-exceptions': [ '2.5.0' ],
46 silly audit   'spdx-expression-parse': [ '3.0.1' ],
46 silly audit   'spdx-license-ids': [ '3.0.17' ],
46 silly audit   'sprintf-js': [ '1.0.3' ],
46 silly audit   sqlite3: [ '5.1.7' ],
46 silly audit   'stack-trace': [ '0.0.10' ],
46 silly audit   'stack-utils': [ '2.0.6' ],
46 silly audit   statuses: [ '2.0.1' ],
46 silly audit   string_decoder: [ '1.3.0' ],
46 silly audit   'string-length': [ '4.0.2' ],
46 silly audit   'string.prototype.trim': [ '1.2.9' ],
46 silly audit   'string.prototype.trimend': [ '1.0.8' ],
46 silly audit   'string.prototype.trimstart': [ '1.0.8' ],
46 silly audit   'strip-bom': [ '4.0.0', '3.0.0' ],
46 silly audit   'strip-final-newline': [ '2.0.0' ],
46 silly audit   'style-loader': [ '4.0.0' ],
46 silly audit   'supports-preserve-symlinks-flag': [ '1.0.0' ],
46 silly audit   tapable: [ '2.2.1' ],
46 silly audit   tar: [ '6.1.11' ],
46 silly audit   'tar-fs': [ '2.1.1' ],
46 silly audit   'tar-stream': [ '2.2.0' ],
46 silly audit   tarn: [ '3.0.2' ],
46 silly audit   terser: [ '5.30.4' ],
46 silly audit   'terser-webpack-plugin': [ '5.3.10' ],
46 silly audit   'test-exclude': [ '6.0.0' ],
46 silly audit   'text-table': [ '0.2.0' ],
46 silly audit   'thread-stream': [ '2.6.0' ],
46 silly audit   tildify: [ '2.0.0' ],
46 silly audit   'timers-ext': [ '0.1.7' ],
46 silly audit   tmpl: [ '1.0.5' ],
46 silly audit   'to-fast-properties': [ '2.0.0' ],
46 silly audit   'to-regex-range': [ '5.0.1' ],
46 silly audit   'toad-cache': [ '3.7.0' ],
46 silly audit   toidentifier: [ '1.0.1' ],
46 silly audit   'token-stream': [ '1.0.0' ],
46 silly audit   'toposort-class': [ '1.0.1' ],
46 silly audit   'tree-kill': [ '1.2.2' ],
46 silly audit   'tsconfig-paths': [ '3.15.0' ],
46 silly audit   tslib: [ '2.6.2' ],
46 silly audit   'tuf-js': [ '1.1.7' ],
46 silly audit   'tunnel-agent': [ '0.6.0' ],
46 silly audit   type: [ '2.7.2' ],
46 silly audit   'type-check': [ '0.4.0' ],
46 silly audit   'type-detect': [ '4.0.8' ],
46 silly audit   'type-is': [ '1.6.18' ],
46 silly audit   'typed-array-buffer': [ '1.0.2' ],
46 silly audit   'typed-array-byte-length': [ '1.0.1' ],
46 silly audit   'typed-array-byte-offset': [ '1.0.2' ],
46 silly audit   'typed-array-length': [ '1.0.6' ],
46 silly audit   'typedarray-to-buffer': [ '3.1.5' ],
46 silly audit   'uc.micro': [ '1.0.6' ],
46 silly audit   umzug: [ '2.3.0' ],
46 silly audit   'unbox-primitive': [ '1.0.2' ],
46 silly audit   'undici-types': [ '5.26.5' ],
46 silly audit   'unique-string': [ '3.0.0' ],
46 silly audit   universalify: [ '2.0.1' ],
46 silly audit   untildify: [ '4.0.0' ],
46 silly audit   'update-browserslist-db': [ '1.0.13' ],
46 silly audit   'update-notifier': [ '6.0.2' ],
46 silly audit   'uri-js': [ '4.4.1' ],
46 silly audit   'util-deprecate': [ '1.0.2' ],
46 silly audit   uuid: [ '8.3.2' ],
46 silly audit   'v8-to-istanbul': [ '9.2.0' ],
46 silly audit   'validate-npm-package-license': [ '3.0.4' ],
46 silly audit   'validate-npm-package-name': [ '5.0.0' ],
46 silly audit   validator: [ '13.11.0' ],
46 silly audit   vary: [ '1.1.2' ],
46 silly audit   'void-elements': [ '3.1.0' ],
46 silly audit   walker: [ '1.0.8' ],
46 silly audit   watchpack: [ '2.4.1' ],
46 silly audit   webpack: [ '5.91.0' ],
46 silly audit   'webpack-cli': [ '5.1.4' ],
46 silly audit   'webpack-merge': [ '5.8.0' ],
46 silly audit   'webpack-sources': [ '3.2.3' ],
46 silly audit   'which-boxed-primitive': [ '1.0.2' ],
46 silly audit   'which-typed-array': [ '1.1.15' ],
46 silly audit   'wide-align': [ '1.1.5' ],
46 silly audit   'widest-line': [ '4.0.1' ],
46 silly audit   wildcard: [ '2.0.0' ],
46 silly audit   with: [ '7.0.2' ],
46 silly audit   wkx: [ '0.5.0' ],
46 silly audit   wrappy: [ '1.0.2' ],
46 silly audit   'xdg-basedir': [ '5.1.0' ],
46 silly audit   xtend: [ '4.0.2' ],
46 silly audit   y18n: [ '5.0.8' ],
46 silly audit   'yocto-queue': [ '0.1.0' ],
46 silly audit   youch: [ '2.2.2' ]
46 silly audit }
47 verbose reify failed optional dependency /root/node_modules/fsevents
48 silly reify mark deleted [ '/root/node_modules/fsevents' ]
49 timing reifyNode:node_modules/fsevents Completed in 62ms
50 timing reifyNode:node_modules/natural-compare Completed in 700ms
51 timing reifyNode:node_modules/fb-watchman Completed in 711ms
52 timing reifyNode:node_modules/strip-final-newline Completed in 761ms
53 timing reifyNode:node_modules/shallow-clone Completed in 762ms
54 timing reifyNode:node_modules/parse-json Completed in 762ms
55 timing reifyNode:node_modules/parent-module Completed in 762ms
56 timing reifyNode:node_modules/isarray Completed in 768ms
57 timing reifyNode:node_modules/glob-parent Completed in 773ms
58 timing reifyNode:node_modules/fast-levenshtein Completed in 774ms
59 timing reifyNode:node_modules/escape-string-regexp Completed in 775ms
60 timing reifyNode:node_modules/eslint-import-resolver-node Completed in 775ms
61 timing reifyNode:node_modules/error-ex Completed in 775ms
62 timing reifyNode:node_modules/confusing-browser-globals Completed in 777ms
63 timing reifyNode:node_modules/clone-deep Completed in 777ms
64 timing reifyNode:node_modules/babel-preset-jest Completed in 778ms
65 timing reifyNode:node_modules/@types/json5 Completed in 780ms
66 timing reifyNode:node_modules/@types/yargs-parser Completed in 781ms
67 timing reifyNode:node_modules/@types/graceful-fs Completed in 780ms
68 timing reifyNode:node_modules/@types/istanbul-reports Completed in 780ms
69 timing reifyNode:node_modules/@types/istanbul-lib-coverage Completed in 781ms
70 timing reifyNode:node_modules/@types/babel__generator Completed in 781ms
71 timing reifyNode:node_modules/@types/istanbul-lib-report Completed in 782ms
72 timing reifyNode:node_modules/@types/babel__template Completed in 782ms
73 timing reifyNode:node_modules/@types/stack-utils Completed in 784ms
74 timing reifyNode:node_modules/tsconfig-paths/node_modules/strip-bom Completed in 809ms
75 timing reifyNode:node_modules/import-fresh/node_modules/resolve-from Completed in 803ms
76 timing reifyNode:node_modules/@babel/highlight/node_modules/ansi-styles Completed in 796ms
77 timing reifyNode:node_modules/write-file-atomic Completed in 818ms
78 timing reifyNode:node_modules/string-length Completed in 819ms
79 timing reifyNode:node_modules/strip-bom Completed in 819ms
80 timing reifyNode:node_modules/stack-utils Completed in 820ms
81 timing reifyNode:node_modules/resolve-cwd Completed in 820ms
82 timing reifyNode:node_modules/pkg-dir Completed in 819ms
83 timing reifyNode:node_modules/onetime Completed in 819ms
84 timing reifyNode:node_modules/npm-run-path Completed in 818ms
85 timing reifyNode:node_modules/mimic-fn Completed in 819ms
86 timing reifyNode:node_modules/make-dir Completed in 819ms
87 timing reifyNode:node_modules/lru-cache Completed in 820ms
88 timing reifyNode:node_modules/kleur Completed in 820ms
89 timing reifyNode:node_modules/leven Completed in 820ms
90 timing reifyNode:node_modules/jest-resolve-dependencies Completed in 820ms
91 timing reifyNode:node_modules/jest-regex-util Completed in 820ms
92 timing reifyNode:node_modules/jest-get-type Completed in 820ms
93 timing reifyNode:node_modules/jest-environment-node Completed in 820ms
94 timing reifyNode:node_modules/isobject Completed in 822ms
95 timing reifyNode:node_modules/is-stream Completed in 822ms
96 timing reifyNode:node_modules/is-plain-object Completed in 822ms
97 timing reifyNode:node_modules/is-generator-fn Completed in 823ms
98 timing reifyNode:node_modules/@babel/highlight/node_modules/has-flag Completed in 812ms
99 timing reifyNode:node_modules/import-fresh Completed in 824ms
100 timing reifyNode:node_modules/detect-newline Completed in 827ms
101 timing reifyNode:node_modules/convert-source-map Completed in 827ms
102 timing reifyNode:node_modules/camelcase Completed in 827ms
103 timing reifyNode:node_modules/bser Completed in 828ms
104 timing reifyNode:node_modules/callsites Completed in 828ms
105 timing reifyNode:node_modules/char-regex Completed in 829ms
106 timing reifyNode:node_modules/@jest/globals Completed in 829ms
107 timing reifyNode:node_modules/@babel/plugin-syntax-optional-chaining Completed in 831ms
108 timing reifyNode:node_modules/@babel/plugin-syntax-numeric-separator Completed in 831ms
109 timing reifyNode:node_modules/@babel/plugin-syntax-object-rest-spread Completed in 832ms
110 timing reifyNode:node_modules/@babel/plugin-syntax-nullish-coalescing-operator Completed in 832ms
111 timing reifyNode:node_modules/@babel/plugin-syntax-logical-assignment-operators Completed in 831ms
112 timing reifyNode:node_modules/@babel/plugin-syntax-bigint Completed in 832ms
113 timing reifyNode:node_modules/@babel/plugin-syntax-import-meta Completed in 832ms
114 timing reifyNode:node_modules/@babel/plugin-syntax-json-strings Completed in 832ms
115 timing reifyNode:node_modules/@babel/plugin-syntax-async-generators Completed in 833ms
116 timing reifyNode:node_modules/@babel/plugin-syntax-class-properties Completed in 833ms
117 timing reifyNode:node_modules/@babel/plugin-syntax-top-level-await Completed in 835ms
118 timing reifyNode:node_modules/@aashutoshrathi/word-wrap Completed in 833ms
119 timing reifyNode:node_modules/@babel/plugin-syntax-optional-catch-binding Completed in 836ms
120 timing reifyNode:node_modules/pkg-dir/node_modules/p-locate Completed in 852ms
121 timing reifyNode:node_modules/pkg-dir/node_modules/locate-path Completed in 852ms
122 timing reifyNode:node_modules/stack-utils/node_modules/escape-string-regexp Completed in 856ms
123 timing reifyNode:node_modules/pkg-dir/node_modules/find-up Completed in 852ms
124 timing reifyNode:node_modules/pkg-dir/node_modules/p-limit Completed in 854ms
125 timing reifyNode:node_modules/jest-validate/node_modules/camelcase Completed in 851ms
126 timing reifyNode:node_modules/jest-worker/node_modules/supports-color Completed in 851ms
127 timing reifyNode:node_modules/@istanbuljs/load-nyc-config/node_modules/p-locate Completed in 841ms
128 timing reifyNode:node_modules/@istanbuljs/load-nyc-config/node_modules/locate-path Completed in 841ms
129 timing reifyNode:node_modules/@istanbuljs/load-nyc-config/node_modules/p-limit Completed in 842ms
130 timing reifyNode:node_modules/@istanbuljs/load-nyc-config/node_modules/find-up Completed in 842ms
131 timing reifyNode:node_modules/eslint/node_modules/escape-string-regexp Completed in 848ms
132 timing reifyNode:node_modules/@babel/highlight/node_modules/supports-color Completed in 841ms
133 timing reifyNode:node_modules/postcss-modules-values Completed in 861ms
134 timing reifyNode:node_modules/postcss-modules-scope Completed in 861ms
135 timing reifyNode:node_modules/postcss-modules-extract-imports Completed in 862ms
136 timing reifyNode:node_modules/lines-and-columns Completed in 861ms
137 timing reifyNode:node_modules/kind-of Completed in 862ms
138 timing reifyNode:node_modules/js-tokens Completed in 862ms
139 timing reifyNode:node_modules/jest-leak-detector Completed in 862ms
140 timing reifyNode:node_modules/jest-pnp-resolver Completed in 864ms
141 timing reifyNode:node_modules/jest-docblock Completed in 864ms
142 http fetch POST 200 https://registry.npmjs.org/-/npm/v1/security/advisories/bulk 879ms
143 timing auditReport:getReport Completed in 891ms
144 silly audit report {
144 silly audit report   ip: [
144 silly audit report     {
144 silly audit report       id: 1096571,
144 silly audit report       url: 'https://github.com/advisories/GHSA-78xj-cgh5-2h22',
144 silly audit report       title: 'NPM IP package incorrectly identifies some private IP addresses as public',
144 silly audit report       severity: 'moderate',
144 silly audit report       vulnerable_versions: '=2.0.0',
144 silly audit report       cwe: [Array],
144 silly audit report       cvss: [Object]
144 silly audit report     }
144 silly audit report   ],
144 silly audit report   tar: [
144 silly audit report     {
144 silly audit report       id: 1096915,
144 silly audit report       url: 'https://github.com/advisories/GHSA-f5x3-32g6-xq36',
144 silly audit report       title: 'Denial of service while parsing a tar file due to lack of folders count validation',
144 silly audit report       severity: 'moderate',
144 silly audit report       vulnerable_versions: '<6.2.1',
144 silly audit report       cwe: [Array],
144 silly audit report       cvss: [Object]
144 silly audit report     }
144 silly audit report   ]
144 silly audit report }
145 timing reifyNode:node_modules/import-local Completed in 869ms
146 timing reifyNode:node_modules/co Completed in 874ms
147 timing reifyNode:node_modules/collect-v8-coverage Completed in 875ms
148 timing reifyNode:node_modules/babel-plugin-jest-hoist Completed in 875ms
149 timing reifyNode:node_modules/ansi-escapes Completed in 875ms
150 timing reifyNode:node_modules/@webpack-cli/info Completed in 875ms
151 timing reifyNode:node_modules/@webpack-cli/serve Completed in 876ms
152 timing reifyNode:node_modules/@webpack-cli/configtest Completed in 876ms
153 timing reifyNode:node_modules/@types/babel__core Completed in 874ms
154 timing reifyNode:node_modules/@jest/schemas Completed in 874ms
155 timing reifyNode:node_modules/@jest/environment Completed in 875ms
156 timing reifyNode:node_modules/@istanbuljs/load-nyc-config Completed in 875ms
157 timing reifyNode:node_modules/@jest/test-sequencer Completed in 876ms
158 timing reifyNode:node_modules/@babel/plugin-syntax-typescript Completed in 875ms
159 timing reifyNode:node_modules/@babel/plugin-syntax-jsx Completed in 875ms
160 timing reifyNode:node_modules/@babel/helper-plugin-utils Completed in 875ms
161 timing reifyNode:node_modules/@babel/helper-split-export-declaration Completed in 875ms
162 timing reifyNode:node_modules/@babel/helper-simple-access Completed in 876ms
163 timing reifyNode:node_modules/@babel/helper-environment-visitor Completed in 875ms
164 timing reifyNode:node_modules/@babel/helper-hoist-variables Completed in 878ms
165 timing reifyNode:node_modules/webpack-cli/node_modules/interpret Completed in 900ms
166 timing reifyNode:node_modules/pretty-format/node_modules/ansi-styles Completed in 898ms
167 timing reifyNode:node_modules/lru-cache/node_modules/yallist Completed in 894ms
168 timing reifyNode:node_modules/postcss-modules-local-by-default Completed in 908ms
169 timing reifyNode:node_modules/pirates Completed in 907ms
170 timing reifyNode:node_modules/file-entry-cache Completed in 911ms
171 timing reifyNode:node_modules/babel-preset-current-node-syntax Completed in 914ms
172 timing reifyNode:node_modules/@jest/source-map Completed in 914ms
173 timing reifyNode:node_modules/@jest/expect Completed in 914ms
174 timing reifyNode:node_modules/@istanbuljs/schema Completed in 915ms
175 timing reifyNode:node_modules/@humanwhocodes/config-array Completed in 914ms
176 timing reifyNode:node_modules/@babel/traverse/node_modules/globals Completed in 921ms
177 timing reifyNode:node_modules/@babel/highlight/node_modules/color-name Completed in 921ms
178 timing reifyNode:node_modules/type-detect Completed in 942ms
179 timing reifyNode:node_modules/type-check Completed in 942ms
180 timing reifyNode:node_modules/node-int64 Completed in 944ms
181 timing reifyNode:node_modules/lodash.merge Completed in 945ms
182 timing reifyNode:node_modules/jest-message-util Completed in 946ms
183 timing reifyNode:node_modules/jest Completed in 947ms
184 timing reifyNode:node_modules/is-arrayish Completed in 949ms
185 timing reifyNode:node_modules/acorn-jsx Completed in 953ms
186 timing reifyNode:node_modules/@babel/highlight Completed in 953ms
187 timing reifyNode:node_modules/@babel/helper-function-name Completed in 953ms
188 timing reifyNode:node_modules/@babel/code-frame Completed in 953ms
189 timing reifyNode:node_modules/resolve.exports Completed in 981ms
190 timing reifyNode:node_modules/levn Completed in 981ms
191 timing reifyNode:node_modules/jest-mock Completed in 981ms
192 timing reifyNode:node_modules/emittery Completed in 985ms
193 timing reifyNode:node_modules/babel-jest Completed in 986ms
194 timing reifyNode:node_modules/babel-plugin-istanbul Completed in 986ms
195 timing reifyNode:node_modules/@types/jest Completed in 986ms
196 timing reifyNode:node_modules/@jest/fake-timers Completed in 984ms
197 timing reifyNode:node_modules/@jest/test-result Completed in 985ms
198 timing reifyNode:node_modules/@babel/highlight/node_modules/color-convert Completed in 989ms
199 timing reifyNode:node_modules/test-exclude Completed in 1018ms
200 timing reifyNode:node_modules/flat-cache Completed in 1015ms
201 timing reifyNode:node_modules/cssesc Completed in 1017ms
202 timing reifyNode:node_modules/@types/babel__traverse Completed in 1015ms
203 timing reifyNode:node_modules/eslint/node_modules/@eslint/js Completed in 1026ms
204 timing reifyNode:node_modules/eslint/node_modules/globals Completed in 1027ms
205 timing reifyNode:node_modules/safe-regex-test Completed in 1041ms
206 timing reifyNode:node_modules/@babel/highlight/node_modules/chalk Completed in 1025ms
207 timing reifyNode:node_modules/optionator Completed in 1041ms
208 timing reifyNode:node_modules/jest-runner Completed in 1040ms
209 timing reifyNode:node_modules/has-bigints Completed in 1043ms
210 timing reifyNode:node_modules/gensync Completed in 1044ms
211 timing reifyNode:node_modules/icss-utils Completed in 1044ms
212 timing reifyNode:node_modules/for-each Completed in 1045ms
213 timing reifyNode:node_modules/jest-matcher-utils Completed in 1051ms
214 timing reifyNode:node_modules/diff-sequences Completed in 1046ms
215 timing reifyNode:node_modules/deep-is Completed in 1046ms
216 timing reifyNode:node_modules/dedent Completed in 1047ms
217 timing reifyNode:node_modules/@sinonjs/fake-timers Completed in 1047ms
218 timing reifyNode:node_modules/@humanwhocodes/object-schema Completed in 1046ms
219 timing reifyNode:node_modules/test-exclude/node_modules/glob Completed in 1066ms
220 timing reifyNode:node_modules/jest-runtime/node_modules/glob Completed in 1061ms
221 timing reifyNode:node_modules/jest-config/node_modules/glob Completed in 1060ms
222 timing reifyNode:node_modules/@jest/reporters/node_modules/glob Completed in 1051ms
223 timing reifyNode:node_modules/set-function-name Completed in 1072ms
224 timing reifyNode:node_modules/react-is Completed in 1071ms
225 timing reifyNode:node_modules/jsesc Completed in 1070ms
226 timing reifyNode:node_modules/jest-runtime Completed in 1070ms
227 timing reifyNode:node_modules/jest-changed-files Completed in 1070ms
228 timing reifyNode:node_modules/is-weakref Completed in 1070ms
229 timing reifyNode:node_modules/es-set-tostringtag Completed in 1072ms
230 timing reifyNode:node_modules/define-properties Completed in 1073ms
231 timing reifyNode:node_modules/@types/yargs Completed in 1073ms
232 timing reifyNode:node_modules/@jest/console Completed in 1070ms
233 timing reifyNode:node_modules/@jest/expect-utils Completed in 1070ms
234 timing reifyNode:node_modules/@jest/transform Completed in 1072ms
235 timing reifyNode:node_modules/@eslint/js Completed in 1070ms
236 timing reifyNode:node_modules/@babel/helper-validator-option Completed in 1070ms
237 timing reifyNode:node_modules/eslint-plugin-import/node_modules/semver Completed in 1083ms
238 timing reifyNode:node_modules/eslint-config-airbnb-base/node_modules/semver Completed in 1082ms
239 timing reifyNode:node_modules/babel-plugin-istanbul/node_modules/semver Completed in 1081ms
240 timing reifyNode:node_modules/@babel/helper-compilation-targets/node_modules/semver Completed in 1074ms
241 timing reifyNode:node_modules/typed-array-length Completed in 1096ms
242 timing reifyNode:node_modules/@babel/core/node_modules/semver Completed in 1077ms
243 timing reifyNode:node_modules/source-map-support Completed in 1098ms
244 timing reifyNode:node_modules/postcss-value-parser Completed in 1096ms
245 timing reifyNode:node_modules/is-array-buffer Completed in 1097ms
246 timing reifyNode:node_modules/data-view-byte-length Completed in 1097ms
247 timing reifyNode:node_modules/data-view-buffer Completed in 1098ms
248 timing reifyNode:node_modules/@jest/types Completed in 1095ms
249 timing reifyNode:node_modules/eslint-plugin-import/node_modules/debug Completed in 1105ms
250 timing reifyNode:node_modules/eslint-module-utils/node_modules/debug Completed in 1104ms
251 timing reifyNode:node_modules/eslint-import-resolver-node/node_modules/debug Completed in 1105ms
252 timing reifyNode:node_modules/unbox-primitive Completed in 1120ms
253 timing reifyNode:node_modules/possible-typed-array-names Completed in 1119ms
254 timing reifyNode:node_modules/jest-cli Completed in 1118ms
255 timing reifyNode:node_modules/is-number-object Completed in 1119ms
256 timing reifyNode:node_modules/is-string Completed in 1119ms
257 timing reifyNode:node_modules/is-negative-zero Completed in 1120ms
258 timing reifyNode:node_modules/is-bigint Completed in 1120ms
259 timing reifyNode:node_modules/internal-slot Completed in 1119ms
260 timing reifyNode:node_modules/get-symbol-description Completed in 1120ms
261 timing reifyNode:node_modules/functions-have-names Completed in 1120ms
262 timing reifyNode:node_modules/esutils Completed in 1119ms
263 timing reifyNode:node_modules/es-shim-unscopables Completed in 1121ms
264 timing reifyNode:node_modules/@humanwhocodes/module-importer Completed in 1117ms
265 timing reifyNode:node_modules/pino-pretty/node_modules/buffer Completed in 1139ms
266 timing reifyNode:node_modules/@eslint/eslintrc/node_modules/globals Completed in 1128ms
267 timing reifyNode:node_modules/v8-to-istanbul Completed in 1150ms
268 timing reifyNode:node_modules/typed-array-byte-length Completed in 1149ms
269 timing reifyNode:node_modules/typed-array-buffer Completed in 1150ms
270 timing reifyNode:node_modules/typed-array-byte-offset Completed in 1150ms
271 timing reifyNode:node_modules/which-boxed-primitive Completed in 1151ms
272 timing reifyNode:node_modules/safe-array-concat Completed in 1149ms
273 timing reifyNode:node_modules/prelude-ls Completed in 1149ms
274 timing reifyNode:node_modules/istanbul-lib-coverage Completed in 1148ms
275 timing metavuln:cache:get:security-advisory:ip:BJcsN5FXqeX5Z2+OHKRMJjBFmRhZocpgazLMAk2XouUMlCG35xMZ4q8YNNbTlUHOA6ga3QSehvFScbo4oOW2Hw== Completed in 280ms
276 timing metavuln:cache:get:security-advisory:tar:LqR4p1DuCllPv2ja0l23sG1efROfQY3Wyyk/JoZHPWuFUFqzuTFrEHdL/sacTdMQjdxcu9lrbKf9OUNl9krlxQ== Completed in 279ms
277 timing reifyNode:node_modules/is-symbol Completed in 1148ms
278 timing reifyNode:node_modules/is-date-object Completed in 1149ms
279 timing reifyNode:node_modules/is-shared-array-buffer Completed in 1149ms
280 timing reifyNode:node_modules/html-escaper Completed in 1149ms
281 timing reifyNode:node_modules/globals Completed in 1149ms
282 timing reifyNode:node_modules/eslint-visitor-keys Completed in 1149ms
283 timing reifyNode:node_modules/envinfo Completed in 1147ms
284 timing reifyNode:node_modules/data-view-byte-offset Completed in 1148ms
285 timing reifyNode:node_modules/is-boolean-object Completed in 1152ms
286 timing reifyNode:node_modules/available-typed-arrays Completed in 1147ms
287 timing reifyNode:node_modules/array-buffer-byte-length Completed in 1147ms
288 timing reifyNode:node_modules/espree/node_modules/eslint-visitor-keys Completed in 1155ms
289 timing reifyNode:node_modules/object-keys Completed in 1165ms
290 timing reifyNode:node_modules/jest-each Completed in 1164ms
291 timing reifyNode:node_modules/istanbul-lib-report Completed in 1165ms
292 timing reifyNode:node_modules/istanbul-lib-source-maps Completed in 1165ms
293 timing reifyNode:node_modules/is-typed-array Completed in 1165ms
294 timing reifyNode:node_modules/is-callable Completed in 1165ms
295 timing reifyNode:node_modules/is-data-view Completed in 1166ms
296 timing reifyNode:node_modules/es-object-atoms Completed in 1164ms
297 timing reifyNode:node_modules/deepmerge Completed in 1164ms
298 timing reifyNode:node_modules/create-jest Completed in 1164ms
299 timing reifyNode:node_modules/@babel/helper-module-imports Completed in 1159ms
300 timing reifyNode:node_modules/wildcard Completed in 1183ms
301 timing reifyNode:node_modules/string.prototype.trimstart Completed in 1182ms
302 timing reifyNode:node_modules/object.fromentries Completed in 1180ms
303 timing reifyNode:node_modules/istanbul-lib-instrument Completed in 1179ms
304 timing reifyNode:node_modules/fastest-levenshtein Completed in 1177ms
305 timing reifyNode:node_modules/babel-plugin-istanbul/node_modules/istanbul-lib-instrument Completed in 1181ms
306 timing reifyNode:node_modules/which-typed-array Completed in 1197ms
307 timing reifyNode:node_modules/string.prototype.trimend Completed in 1195ms
308 timing reifyNode:node_modules/text-table Completed in 1197ms
309 timing reifyNode:node_modules/globalthis Completed in 1192ms
310 timing reifyNode:node_modules/execa Completed in 1191ms
311 timing reifyNode:node_modules/espree Completed in 1192ms
312 timing reifyNode:node_modules/doctrine Completed in 1191ms
313 timing reifyNode:node_modules/arraybuffer.prototype.slice Completed in 1189ms
314 timing reifyNode:node_modules/cjs-module-lexer Completed in 1191ms
315 timing reifyNode:node_modules/eslint-plugin-import/node_modules/doctrine Completed in 1196ms
316 timing reifyNode:node_modules/eslint/node_modules/espree Completed in 1196ms
317 timing reifyNode:node_modules/array.prototype.flat Completed in 1201ms
318 timing reifyNode:node_modules/tsconfig-paths/node_modules/json5 Completed in 1218ms
319 timing reifyNode:node_modules/object.values Completed in 1216ms
320 timing reifyNode:node_modules/object.groupby Completed in 1216ms
321 timing reifyNode:node_modules/jest-watcher Completed in 1215ms
322 timing reifyNode:node_modules/json-stable-stringify-without-jsonify Completed in 1216ms
323 timing reifyNode:node_modules/jest-validate Completed in 1215ms
324 timing reifyNode:node_modules/jest-resolve Completed in 1216ms
325 timing reifyNode:node_modules/array.prototype.findlastindex Completed in 1211ms
326 timing reifyNode:node_modules/@babel/compat-data Completed in 1207ms
327 timing reifyNode:node_modules/string.prototype.trim Completed in 1229ms
328 timing reifyNode:node_modules/regexp.prototype.flags Completed in 1229ms
329 timing reifyNode:node_modules/human-signals Completed in 1223ms
330 timing reifyNode:node_modules/array.prototype.flatmap Completed in 1221ms
331 timing reifyNode:node_modules/array-includes Completed in 1221ms
332 timing reifyNode:node_modules/@ampproject/remapping Completed in 1232ms
333 timing reifyNode:node_modules/object.entries Completed in 1249ms
334 timing reifyNode:node_modules/jest-diff Completed in 1246ms
335 timing reifyNode:node_modules/sprintf-js Completed in 1259ms
336 timing reifyNode:node_modules/es-to-primitive Completed in 1253ms
337 timing reifyNode:node_modules/@ungap/structured-clone Completed in 1251ms
338 timing reifyNode:node_modules/@babel/helper-compilation-targets Completed in 1248ms
339 timing reifyNode:node_modules/style-loader Completed in 1270ms
340 timing reifyNode:node_modules/jest-snapshot Completed in 1265ms
341 timing reifyNode:node_modules/function.prototype.name Completed in 1272ms
342 timing reifyNode:node_modules/@discoveryjs/json-ext Completed in 1266ms
343 timing reifyNode:node_modules/jest-circus Completed in 1281ms
344 timing reifyNode:node_modules/flatted Completed in 1279ms
345 timing reifyNode:node_modules/expect Completed in 1279ms
346 timing reifyNode:node_modules/eslint-scope Completed in 1279ms
347 timing reifyNode:node_modules/pretty-format Completed in 1293ms
348 timing reifyNode:node_modules/esprima Completed in 1287ms
349 timing reifyNode:node_modules/css-loader Completed in 1285ms
350 timing reifyNode:node_modules/@babel/template Completed in 1280ms
351 timing reifyNode:node_modules/exit Completed in 1294ms
352 timing reifyNode:node_modules/webpack-cli Completed in 1310ms
353 timing reifyNode:node_modules/source-map-js Completed in 1309ms
354 timing reifyNode:node_modules/object.assign Completed in 1305ms
355 timing reifyNode:node_modules/@babel/helper-module-transforms Completed in 1293ms
356 timing reifyNode:node_modules/nanoid Completed in 1311ms
357 timing reifyNode:node_modules/webpack-merge Completed in 1319ms
358 timing reifyNode:node_modules/@eslint-community/eslint-utils Completed in 1302ms
359 timing reifyNode:node_modules/jest-util Completed in 1316ms
360 timing reifyNode:node_modules/jest-worker Completed in 1321ms
361 timing reifyNode:node_modules/eslint-config-airbnb-base Completed in 1316ms
362 timing reifyNode:node_modules/jest-config Completed in 1325ms
363 timing reifyNode:node_modules/@eslint-community/regexpp Completed in 1317ms
364 timing reifyNode:node_modules/eslint-module-utils Completed in 1331ms
365 timing reifyNode:node_modules/pino-pretty/node_modules/help-me Completed in 1338ms
366 timing reifyNode:node_modules/jest-haste-map Completed in 1337ms
367 timing reifyNode:node_modules/@jest/reporters Completed in 1370ms
368 timing reifyNode:node_modules/@istanbuljs/load-nyc-config/node_modules/argparse Completed in 1379ms
369 http fetch GET 200 https://registry.npmjs.org/tar 531ms (cache revalidated)
370 timing metavuln:packument:tar Completed in 532ms
371 timing metavuln:load:security-advisory:tar:1096915 Completed in 1ms
372 timing metavuln:calculate:security-advisory:tar:1096915 Completed in 533ms
373 timing reifyNode:node_modules/type-fest Completed in 1436ms
374 timing reifyNode:node_modules/ansi-escapes/node_modules/type-fest Completed in 1433ms
375 timing reifyNode:node_modules/pino-pretty/node_modules/readable-stream Completed in 1462ms
376 timing reifyNode:node_modules/postcss-selector-parser Completed in 1468ms
377 timing reifyNode:node_modules/@sinonjs/commons Completed in 1460ms
378 timing reifyNode:node_modules/@jest/core Completed in 1466ms
379 timing reifyNode:node_modules/graphemer Completed in 1482ms
380 timing reifyNode:node_modules/postcss Completed in 1508ms
381 timing reifyNode:node_modules/@sinclair/typebox Completed in 1499ms
382 timing reifyNode:node_modules/esquery Completed in 1506ms
383 timing reifyNode:node_modules/@istanbuljs/load-nyc-config/node_modules/js-yaml Completed in 1500ms
384 timing reifyNode:node_modules/@eslint/eslintrc Completed in 1509ms
385 timing reifyNode:node_modules/eslint/node_modules/@eslint/eslintrc Completed in 1520ms
386 timing reifyNode:node_modules/@babel/generator Completed in 1522ms
387 timing reifyNode:node_modules/@bcoe/v8-coverage Completed in 1534ms
388 timing reifyNode:node_modules/prompts Completed in 1564ms
389 timing reifyNode:node_modules/tsconfig-paths Completed in 1571ms
390 timing reifyNode:node_modules/pino-pretty Completed in 1575ms
391 timing reifyNode:node_modules/istanbul-reports Completed in 1575ms
392 timing reifyNode:node_modules/@babel/traverse Completed in 1580ms
393 timing reifyNode:node_modules/pure-rand Completed in 1602ms
394 timing reifyNode:node_modules/@babel/helpers Completed in 1585ms
395 http fetch GET 200 https://registry.npmjs.org/ip 741ms (cache revalidated)
396 timing metavuln:packument:ip Completed in 741ms
397 timing metavuln:load:security-advisory:ip:1096571 Completed in 0ms
398 timing metavuln:calculate:security-advisory:ip:1096571 Completed in 742ms
399 timing metavuln:cache:get:security-advisory:socks:zfho9x+7q8pjg+63sS+ukzZhv7kYniXlnYtM/X4//MiKrr8KAyN/syOVbdjPazQ2YdYKKqk8y/JnXdiJ9ERuBw== Completed in 6ms
400 timing reifyNode:node_modules/@babel/core Completed in 1651ms
401 timing reifyNode:node_modules/eslint-plugin-import Completed in 1666ms
402 http fetch GET 200 https://registry.npmjs.org/socks 134ms (cache revalidated)
403 timing metavuln:packument:socks Completed in 135ms
404 timing metavuln:load:security-advisory:socks:BJcsN5FXqeX5Z2+OHKRMJjBFmRhZocpgazLMAk2XouUMlCG35xMZ4q8YNNbTlUHOA6ga3QSehvFScbo4oOW2Hw== Completed in 0ms
405 timing metavuln:calculate:security-advisory:socks:BJcsN5FXqeX5Z2+OHKRMJjBFmRhZocpgazLMAk2XouUMlCG35xMZ4q8YNNbTlUHOA6ga3QSehvFScbo4oOW2Hw== Completed in 135ms
406 timing metavuln:cache:get:security-advisory:cacache:+4gw1jqOAOohs81f9aTkGrbFg4tnp8MdBvx6OJGT875uUJwGCk3+bK7Iyq+jrYeVpJoxPeUScu7l8EjPQSBTMQ== Completed in 8ms
407 timing metavuln:cache:get:security-advisory:pacote:LAEv+4NjZfYD5xM5v30EKp6MbdkhLoFrdQNAhrWV9VLG08eiFbMPZmBG6LHsided7UOf+/VTJxzS/mK/wsUh4w== Completed in 9ms
408 timing metavuln:cache:get:security-advisory:node-gyp:g4wu35zp7y563YCG3FN6HynP5rfRrvDEtcU0JGqYhGL7kcpNDJ+JI5roJyZdWIBuOl74RsYgEx0lm3wZlyPesA== Completed in 9ms
409 timing metavuln:cache:get:security-advisory:sqlite3:YPCOscc2j4PaVcckIE+2/3ohV9AjV7tyNJ8Yk30AFVkIISSL2yasX4Bu+y1GY9qi2WNUE4K3eVHTYAqJkwxH/w== Completed in 8ms
410 http fetch GET 200 https://registry.npmjs.org/cacache 125ms (cache revalidated)
411 timing metavuln:packument:cacache Completed in 126ms
412 timing metavuln:load:security-advisory:cacache:LqR4p1DuCllPv2ja0l23sG1efROfQY3Wyyk/JoZHPWuFUFqzuTFrEHdL/sacTdMQjdxcu9lrbKf9OUNl9krlxQ== Completed in 1ms
413 timing metavuln:calculate:security-advisory:cacache:LqR4p1DuCllPv2ja0l23sG1efROfQY3Wyyk/JoZHPWuFUFqzuTFrEHdL/sacTdMQjdxcu9lrbKf9OUNl9krlxQ== Completed in 127ms
414 timing reifyNode:node_modules/eslint Completed in 1898ms
415 http fetch GET 200 https://registry.npmjs.org/pacote 165ms (cache updated)
416 timing metavuln:packument:pacote Completed in 168ms
417 timing metavuln:load:security-advisory:pacote:LqR4p1DuCllPv2ja0l23sG1efROfQY3Wyyk/JoZHPWuFUFqzuTFrEHdL/sacTdMQjdxcu9lrbKf9OUNl9krlxQ== Completed in 3ms
418 timing metavuln:cache:put:security-advisory:pacote:LAEv+4NjZfYD5xM5v30EKp6MbdkhLoFrdQNAhrWV9VLG08eiFbMPZmBG6LHsided7UOf+/VTJxzS/mK/wsUh4w== Completed in 6ms
419 timing metavuln:calculate:security-advisory:pacote:LqR4p1DuCllPv2ja0l23sG1efROfQY3Wyyk/JoZHPWuFUFqzuTFrEHdL/sacTdMQjdxcu9lrbKf9OUNl9krlxQ== Completed in 179ms
420 http fetch GET 200 https://registry.npmjs.org/sqlite3 357ms (cache revalidated)
421 timing metavuln:packument:sqlite3 Completed in 357ms
422 timing metavuln:load:security-advisory:sqlite3:LqR4p1DuCllPv2ja0l23sG1efROfQY3Wyyk/JoZHPWuFUFqzuTFrEHdL/sacTdMQjdxcu9lrbKf9OUNl9krlxQ== Completed in 1ms
423 timing metavuln:calculate:security-advisory:sqlite3:LqR4p1DuCllPv2ja0l23sG1efROfQY3Wyyk/JoZHPWuFUFqzuTFrEHdL/sacTdMQjdxcu9lrbKf9OUNl9krlxQ== Completed in 358ms
424 http fetch GET 200 https://registry.npmjs.org/node-gyp 379ms (cache revalidated)
425 timing metavuln:packument:node-gyp Completed in 380ms
426 timing metavuln:load:security-advisory:node-gyp:LqR4p1DuCllPv2ja0l23sG1efROfQY3Wyyk/JoZHPWuFUFqzuTFrEHdL/sacTdMQjdxcu9lrbKf9OUNl9krlxQ== Completed in 0ms
427 timing metavuln:calculate:security-advisory:node-gyp:LqR4p1DuCllPv2ja0l23sG1efROfQY3Wyyk/JoZHPWuFUFqzuTFrEHdL/sacTdMQjdxcu9lrbKf9OUNl9krlxQ== Completed in 381ms
428 timing auditReport:init Completed in 1261ms
429 timing reify:audit Completed in 2153ms
430 timing reifyNode:node_modules/es-abstract Completed in 2253ms
431 timing reify:unpack Completed in 2267ms
432 timing reify:unretire Completed in 0ms
433 timing build:queue Completed in 15ms
434 timing build:link:node_modules/jest-cli Completed in 0ms
435 timing build:link:node_modules/@babel/core/node_modules/semver Completed in 8ms
436 timing build:link:node_modules/babel-plugin-istanbul/node_modules/semver Completed in 8ms
437 timing build:link:node_modules/@istanbuljs/load-nyc-config/node_modules/js-yaml Completed in 8ms
438 timing build:link:node_modules/eslint-plugin-import/node_modules/semver Completed in 8ms
439 timing build:link:node_modules/eslint-config-airbnb-base/node_modules/semver Completed in 9ms
440 timing build:link:node_modules/@babel/helper-compilation-targets/node_modules/semver Completed in 9ms
441 timing build:link:node_modules/create-jest Completed in 10ms
442 timing build:link:node_modules/import-local Completed in 9ms
443 timing build:link:node_modules/jest Completed in 9ms
444 timing build:link:node_modules/cssesc Completed in 9ms
445 timing build:link:node_modules/jsesc Completed in 9ms
446 timing build:link:node_modules/webpack-cli Completed in 10ms
447 timing build:link:node_modules/envinfo Completed in 10ms
448 timing build:link:node_modules/esprima Completed in 10ms
449 timing build:link:node_modules/tsconfig-paths/node_modules/json5 Completed in 10ms
450 timing build:link:node_modules/pino-pretty Completed in 10ms
451 timing build:link:node_modules/eslint Completed in 10ms
452 timing build:link:node_modules/nanoid Completed in 11ms
453 timing build:link Completed in 12ms
454 timing build:deps Completed in 27ms
455 timing build Completed in 28ms
456 timing reify:build Completed in 28ms
457 timing reify:trash Completed in 1ms
458 timing reify:save Completed in 171ms
459 timing reify Completed in 3132ms
460 silly ADD node_modules/write-file-atomic
461 silly ADD node_modules/wildcard
462 silly ADD node_modules/which-typed-array
463 silly ADD node_modules/which-boxed-primitive
464 silly ADD node_modules/webpack-merge
465 silly ADD node_modules/webpack-cli
466 silly ADD node_modules/webpack-cli/node_modules/interpret
467 silly ADD node_modules/v8-to-istanbul
468 silly ADD node_modules/unbox-primitive
469 silly ADD node_modules/typed-array-length
470 silly ADD node_modules/typed-array-byte-offset
471 silly ADD node_modules/typed-array-byte-length
472 silly ADD node_modules/typed-array-buffer
473 silly ADD node_modules/type-fest
474 silly ADD node_modules/type-detect
475 silly ADD node_modules/type-check
476 silly ADD node_modules/tsconfig-paths
477 silly ADD node_modules/tsconfig-paths/node_modules/strip-bom
478 silly ADD node_modules/tsconfig-paths/node_modules/json5
479 silly ADD node_modules/text-table
480 silly ADD node_modules/test-exclude
481 silly ADD node_modules/test-exclude/node_modules/glob
482 silly ADD node_modules/style-loader
483 silly ADD node_modules/strip-final-newline
484 silly ADD node_modules/strip-bom
485 silly ADD node_modules/string.prototype.trimstart
486 silly ADD node_modules/string.prototype.trimend
487 silly ADD node_modules/string.prototype.trim
488 silly ADD node_modules/string-length
489 silly ADD node_modules/stack-utils
490 silly ADD node_modules/stack-utils/node_modules/escape-string-regexp
491 silly ADD node_modules/sprintf-js
492 silly ADD node_modules/source-map-support
493 silly ADD node_modules/source-map-js
494 silly ADD node_modules/shallow-clone
495 silly ADD node_modules/set-function-name
496 silly ADD node_modules/safe-regex-test
497 silly ADD node_modules/safe-array-concat
498 silly ADD node_modules/resolve.exports
499 silly ADD node_modules/resolve-cwd
500 silly ADD node_modules/regexp.prototype.flags
501 silly ADD node_modules/react-is
502 silly ADD node_modules/pure-rand
503 silly ADD node_modules/prompts
504 silly ADD node_modules/pretty-format
505 silly ADD node_modules/pretty-format/node_modules/ansi-styles
506 silly ADD node_modules/prelude-ls
507 silly ADD node_modules/postcss-value-parser
508 silly ADD node_modules/postcss-selector-parser
509 silly ADD node_modules/postcss-modules-values
510 silly ADD node_modules/postcss-modules-scope
511 silly ADD node_modules/postcss-modules-local-by-default
512 silly ADD node_modules/postcss-modules-extract-imports
513 silly ADD node_modules/postcss
514 silly ADD node_modules/possible-typed-array-names
515 silly ADD node_modules/pkg-dir
516 silly ADD node_modules/pkg-dir/node_modules/p-locate
517 silly ADD node_modules/pkg-dir/node_modules/p-limit
518 silly ADD node_modules/pkg-dir/node_modules/locate-path
519 silly ADD node_modules/pkg-dir/node_modules/find-up
520 silly ADD node_modules/pirates
521 silly ADD node_modules/pino-pretty
522 silly ADD node_modules/pino-pretty/node_modules/readable-stream
523 silly ADD node_modules/pino-pretty/node_modules/help-me
524 silly ADD node_modules/pino-pretty/node_modules/buffer
525 silly ADD node_modules/parse-json
526 silly ADD node_modules/parent-module
527 silly ADD node_modules/optionator
528 silly ADD node_modules/onetime
529 silly ADD node_modules/object.values
530 silly ADD node_modules/object.groupby
531 silly ADD node_modules/object.fromentries
532 silly ADD node_modules/object.entries
533 silly ADD node_modules/object.assign
534 silly ADD node_modules/object-keys
535 silly ADD node_modules/npm-run-path
536 silly ADD node_modules/node-int64
537 silly ADD node_modules/natural-compare
538 silly ADD node_modules/nanoid
539 silly ADD node_modules/mimic-fn
540 silly ADD node_modules/make-dir
541 silly ADD node_modules/lru-cache
542 silly ADD node_modules/lru-cache/node_modules/yallist
543 silly ADD node_modules/lodash.merge
544 silly ADD node_modules/lines-and-columns
545 silly ADD node_modules/levn
546 silly ADD node_modules/leven
547 silly ADD node_modules/kleur
548 silly ADD node_modules/kind-of
549 silly ADD node_modules/json-stable-stringify-without-jsonify
550 silly ADD node_modules/jsesc
551 silly ADD node_modules/js-tokens
552 silly ADD node_modules/jest-worker
553 silly ADD node_modules/jest-worker/node_modules/supports-color
554 silly ADD node_modules/jest-watcher
555 silly ADD node_modules/jest-validate
556 silly ADD node_modules/jest-validate/node_modules/camelcase
557 silly ADD node_modules/jest-util
558 silly ADD node_modules/jest-snapshot
559 silly ADD node_modules/jest-runtime
560 silly ADD node_modules/jest-runtime/node_modules/glob
561 silly ADD node_modules/jest-runner
562 silly ADD node_modules/jest-resolve-dependencies
563 silly ADD node_modules/jest-resolve
564 silly ADD node_modules/jest-regex-util
565 silly ADD node_modules/jest-pnp-resolver
566 silly ADD node_modules/jest-mock
567 silly ADD node_modules/jest-message-util
568 silly ADD node_modules/jest-matcher-utils
569 silly ADD node_modules/jest-leak-detector
570 silly ADD node_modules/jest-haste-map
571 silly ADD node_modules/jest-get-type
572 silly ADD node_modules/jest-environment-node
573 silly ADD node_modules/jest-each
574 silly ADD node_modules/jest-docblock
575 silly ADD node_modules/jest-diff
576 silly ADD node_modules/jest-config
577 silly ADD node_modules/jest-config/node_modules/glob
578 silly ADD node_modules/jest-cli
579 silly ADD node_modules/jest-circus
580 silly ADD node_modules/jest-changed-files
581 silly ADD node_modules/jest
582 silly ADD node_modules/istanbul-reports
583 silly ADD node_modules/istanbul-lib-source-maps
584 silly ADD node_modules/istanbul-lib-report
585 silly ADD node_modules/istanbul-lib-instrument
586 silly ADD node_modules/istanbul-lib-coverage
587 silly ADD node_modules/isobject
588 silly ADD node_modules/isarray
589 silly ADD node_modules/is-weakref
590 silly ADD node_modules/is-typed-array
591 silly ADD node_modules/is-symbol
592 silly ADD node_modules/is-string
593 silly ADD node_modules/is-stream
594 silly ADD node_modules/is-shared-array-buffer
595 silly ADD node_modules/is-plain-object
596 silly ADD node_modules/is-number-object
597 silly ADD node_modules/is-negative-zero
598 silly ADD node_modules/is-generator-fn
599 silly ADD node_modules/is-date-object
600 silly ADD node_modules/is-data-view
601 silly ADD node_modules/is-callable
602 silly ADD node_modules/is-boolean-object
603 silly ADD node_modules/is-bigint
604 silly ADD node_modules/is-arrayish
605 silly ADD node_modules/is-array-buffer
606 silly ADD node_modules/internal-slot
607 silly ADD node_modules/import-local
608 silly ADD node_modules/import-fresh
609 silly ADD node_modules/import-fresh/node_modules/resolve-from
610 silly ADD node_modules/icss-utils
611 silly ADD node_modules/human-signals
612 silly ADD node_modules/html-escaper
613 silly ADD node_modules/has-bigints
614 silly ADD node_modules/graphemer
615 silly ADD node_modules/globalthis
616 silly ADD node_modules/globals
617 silly ADD node_modules/glob-parent
618 silly ADD node_modules/get-symbol-description
619 silly ADD node_modules/gensync
620 silly ADD node_modules/functions-have-names
621 silly ADD node_modules/function.prototype.name
622 silly ADD
623 silly ADD node_modules/for-each
624 silly ADD node_modules/flatted
625 silly ADD node_modules/flat-cache
626 silly ADD node_modules/file-entry-cache
627 silly ADD node_modules/fb-watchman
628 silly ADD node_modules/fastest-levenshtein
629 silly ADD node_modules/fast-levenshtein
630 silly ADD node_modules/expect
631 silly ADD node_modules/exit
632 silly ADD node_modules/execa
633 silly ADD node_modules/esutils
634 silly ADD node_modules/esquery
635 silly ADD node_modules/esprima
636 silly ADD node_modules/espree
637 silly ADD node_modules/espree/node_modules/eslint-visitor-keys
638 silly ADD node_modules/eslint-visitor-keys
639 silly ADD node_modules/eslint-scope
640 silly ADD node_modules/eslint-plugin-import
641 silly ADD node_modules/eslint-plugin-import/node_modules/semver
642 silly ADD node_modules/eslint-plugin-import/node_modules/doctrine
643 silly ADD node_modules/eslint-plugin-import/node_modules/debug
644 silly ADD node_modules/eslint-module-utils
645 silly ADD node_modules/eslint-module-utils/node_modules/debug
646 silly ADD node_modules/eslint-import-resolver-node
647 silly ADD node_modules/eslint-import-resolver-node/node_modules/debug
648 silly ADD node_modules/eslint-config-airbnb-base
649 silly ADD node_modules/eslint-config-airbnb-base/node_modules/semver
650 silly ADD node_modules/eslint
651 silly ADD node_modules/eslint/node_modules/globals
652 silly ADD node_modules/eslint/node_modules/espree
653 silly ADD node_modules/eslint/node_modules/escape-string-regexp
654 silly ADD node_modules/eslint/node_modules/@eslint/js
655 silly ADD node_modules/eslint/node_modules/@eslint/eslintrc
656 silly ADD node_modules/escape-string-regexp
657 silly ADD node_modules/es-to-primitive
658 silly ADD node_modules/es-shim-unscopables
659 silly ADD node_modules/es-set-tostringtag
660 silly ADD node_modules/es-object-atoms
661 silly ADD node_modules/es-abstract
662 silly ADD node_modules/error-ex
663 silly ADD node_modules/envinfo
664 silly ADD node_modules/emittery
665 silly ADD node_modules/doctrine
666 silly ADD node_modules/diff-sequences
667 silly ADD node_modules/detect-newline
668 silly ADD node_modules/define-properties
669 silly ADD node_modules/deepmerge
670 silly ADD node_modules/deep-is
671 silly ADD node_modules/dedent
672 silly ADD node_modules/data-view-byte-offset
673 silly ADD node_modules/data-view-byte-length
674 silly ADD node_modules/data-view-buffer
675 silly ADD node_modules/cssesc
676 silly ADD node_modules/css-loader
677 silly ADD node_modules/create-jest
678 silly ADD node_modules/convert-source-map
679 silly ADD node_modules/confusing-browser-globals
680 silly ADD node_modules/collect-v8-coverage
681 silly ADD node_modules/co
682 silly ADD node_modules/clone-deep
683 silly ADD node_modules/cjs-module-lexer
684 silly ADD node_modules/char-regex
685 silly ADD node_modules/camelcase
686 silly ADD node_modules/callsites
687 silly ADD node_modules/bser
688 silly ADD node_modules/babel-preset-jest
689 silly ADD node_modules/babel-preset-current-node-syntax
690 silly ADD node_modules/babel-plugin-jest-hoist
691 silly ADD node_modules/babel-plugin-istanbul
692 silly ADD node_modules/babel-plugin-istanbul/node_modules/semver
693 silly ADD node_modules/babel-plugin-istanbul/node_modules/istanbul-lib-instrument
694 silly ADD node_modules/babel-jest
695 silly ADD node_modules/available-typed-arrays
696 silly ADD node_modules/arraybuffer.prototype.slice
697 silly ADD node_modules/array.prototype.flatmap
698 silly ADD node_modules/array.prototype.flat
699 silly ADD node_modules/array.prototype.findlastindex
700 silly ADD node_modules/array-includes
701 silly ADD node_modules/array-buffer-byte-length
702 silly ADD node_modules/ansi-escapes
703 silly ADD node_modules/ansi-escapes/node_modules/type-fest
704 silly ADD node_modules/acorn-jsx
705 silly ADD node_modules/@webpack-cli/serve
706 silly ADD node_modules/@webpack-cli/info
707 silly ADD node_modules/@webpack-cli/configtest
708 silly ADD node_modules/@ungap/structured-clone
709 silly ADD node_modules/@types/yargs-parser
710 silly ADD node_modules/@types/yargs
711 silly ADD node_modules/@types/stack-utils
712 silly ADD node_modules/@types/json5
713 silly ADD node_modules/@types/jest
714 silly ADD node_modules/@types/istanbul-reports
715 silly ADD node_modules/@types/istanbul-lib-report
716 silly ADD node_modules/@types/istanbul-lib-coverage
717 silly ADD node_modules/@types/graceful-fs
718 silly ADD node_modules/@types/babel__traverse
719 silly ADD node_modules/@types/babel__template
720 silly ADD node_modules/@types/babel__generator
721 silly ADD node_modules/@types/babel__core
722 silly ADD node_modules/@sinonjs/fake-timers
723 silly ADD node_modules/@sinonjs/commons
724 silly ADD node_modules/@sinclair/typebox
725 silly ADD node_modules/@jest/types
726 silly ADD node_modules/@jest/transform
727 silly ADD node_modules/@jest/test-sequencer
728 silly ADD node_modules/@jest/test-result
729 silly ADD node_modules/@jest/source-map
730 silly ADD node_modules/@jest/schemas
731 silly ADD node_modules/@jest/reporters
732 silly ADD node_modules/@jest/reporters/node_modules/glob
733 silly ADD node_modules/@jest/globals
734 silly ADD node_modules/@jest/fake-timers
735 silly ADD node_modules/@jest/expect-utils
736 silly ADD node_modules/@jest/expect
737 silly ADD node_modules/@jest/environment
738 silly ADD node_modules/@jest/core
739 silly ADD node_modules/@jest/console
740 silly ADD node_modules/@istanbuljs/schema
741 silly ADD node_modules/@istanbuljs/load-nyc-config
742 silly ADD node_modules/@istanbuljs/load-nyc-config/node_modules/p-locate
743 silly ADD node_modules/@istanbuljs/load-nyc-config/node_modules/p-limit
744 silly ADD node_modules/@istanbuljs/load-nyc-config/node_modules/locate-path
745 silly ADD node_modules/@istanbuljs/load-nyc-config/node_modules/js-yaml
746 silly ADD node_modules/@istanbuljs/load-nyc-config/node_modules/find-up
747 silly ADD node_modules/@istanbuljs/load-nyc-config/node_modules/argparse
748 silly ADD node_modules/@humanwhocodes/object-schema
749 silly ADD node_modules/@humanwhocodes/module-importer
750 silly ADD node_modules/@humanwhocodes/config-array
751 silly ADD node_modules/@eslint/js
752 silly ADD node_modules/@eslint/eslintrc
753 silly ADD node_modules/@eslint/eslintrc/node_modules/globals
754 silly ADD node_modules/@eslint-community/regexpp
755 silly ADD node_modules/@eslint-community/eslint-utils
756 silly ADD node_modules/@discoveryjs/json-ext
757 silly ADD node_modules/@bcoe/v8-coverage
758 silly ADD node_modules/@babel/traverse
759 silly ADD node_modules/@babel/traverse/node_modules/globals
760 silly ADD node_modules/@babel/template
761 silly ADD node_modules/@babel/plugin-syntax-typescript
762 silly ADD node_modules/@babel/plugin-syntax-top-level-await
763 silly ADD node_modules/@babel/plugin-syntax-optional-chaining
764 silly ADD node_modules/@babel/plugin-syntax-optional-catch-binding
765 silly ADD node_modules/@babel/plugin-syntax-object-rest-spread
766 silly ADD node_modules/@babel/plugin-syntax-numeric-separator
767 silly ADD node_modules/@babel/plugin-syntax-nullish-coalescing-operator
768 silly ADD node_modules/@babel/plugin-syntax-logical-assignment-operators
769 silly ADD node_modules/@babel/plugin-syntax-jsx
770 silly ADD node_modules/@babel/plugin-syntax-json-strings
771 silly ADD node_modules/@babel/plugin-syntax-import-meta
772 silly ADD node_modules/@babel/plugin-syntax-class-properties
773 silly ADD node_modules/@babel/plugin-syntax-bigint
774 silly ADD node_modules/@babel/plugin-syntax-async-generators
775 silly ADD node_modules/@babel/highlight
776 silly ADD node_modules/@babel/highlight/node_modules/supports-color
777 silly ADD node_modules/@babel/highlight/node_modules/has-flag
778 silly ADD node_modules/@babel/highlight/node_modules/color-name
779 silly ADD node_modules/@babel/highlight/node_modules/color-convert
780 silly ADD node_modules/@babel/highlight/node_modules/chalk
781 silly ADD node_modules/@babel/highlight/node_modules/ansi-styles
782 silly ADD node_modules/@babel/helpers
783 silly ADD node_modules/@babel/helper-validator-option
784 silly ADD node_modules/@babel/helper-split-export-declaration
785 silly ADD node_modules/@babel/helper-simple-access
786 silly ADD node_modules/@babel/helper-plugin-utils
787 silly ADD node_modules/@babel/helper-module-transforms
788 silly ADD node_modules/@babel/helper-module-imports
789 silly ADD node_modules/@babel/helper-hoist-variables
790 silly ADD node_modules/@babel/helper-function-name
791 silly ADD node_modules/@babel/helper-environment-visitor
792 silly ADD node_modules/@babel/helper-compilation-targets
793 silly ADD node_modules/@babel/helper-compilation-targets/node_modules/semver
794 silly ADD node_modules/@babel/generator
795 silly ADD node_modules/@babel/core
796 silly ADD node_modules/@babel/core/node_modules/semver
797 silly ADD node_modules/@babel/compat-data
798 silly ADD node_modules/@babel/code-frame
799 silly ADD node_modules/@ampproject/remapping
800 silly ADD node_modules/@aashutoshrathi/word-wrap
801 timing command:install Completed in 3179ms
802 verbose exit 0
803 timing npm Completed in 3310ms
804 info ok
